\BOOKMARK [1][-]{Doc-Start}{\376\377\000L\000i\000s\000t\000\040\000o\000f\000\040\000C\000o\000n\000t\000e\000n\000t\000s}{}% 1
\BOOKMARK [1][-]{section*.1}{\376\377\000L\000i\000s\000t\000\040\000o\000f\000\040\000F\000i\000g\000u\000r\000e\000s}{}% 2
\BOOKMARK [1][-]{section*.2}{\376\377\000L\000i\000s\000t\000\040\000o\000f\000\040\000T\000a\000b\000l\000e\000s}{}% 3
\BOOKMARK [1][-]{section*.3}{\376\377\000L\000i\000s\000t\000\040\000o\000f\000\040\000L\000i\000s\000t\000i\000n\000g\000s}{}% 4
\BOOKMARK [1][-]{section*.6}{\376\377\000A\000c\000r\000o\000n\000y\000m\000s}{}% 5
\BOOKMARK [1][-]{section.1}{\376\377\000O\000v\000e\000r\000v\000i\000e\000w\000\040\000a\000n\000d\000\040\000I\000n\000t\000r\000o\000d\000u\000c\000t\000i\000o\000n}{}% 6
\BOOKMARK [2][-]{subsection.1.1}{\376\377\000D\000o\000c\000u\000m\000e\000n\000t\000\040\000O\000v\000e\000r\000v\000i\000e\000w}{section.1}% 7
\BOOKMARK [2][-]{subsection.1.2}{\376\377\000P\000r\000o\000j\000e\000c\000t\000\040\000I\000n\000t\000r\000o\000d\000u\000c\000t\000i\000o\000n}{section.1}% 8
\BOOKMARK [2][-]{subsection.1.3}{\376\377\000S\000u\000m\000m\000a\000r\000y\000\040\000o\000f\000\040\000t\000h\000e\000\040\000W\000o\000r\000k\000\040\000D\000o\000n\000e}{section.1}% 9
\BOOKMARK [3][-]{subsubsection.1.3.1}{\376\377\000R\000e\000q\000u\000i\000r\000e\000m\000e\000n\000t\000s\000\040\000A\000n\000a\000l\000y\000s\000i\000s}{subsection.1.3}% 10
\BOOKMARK [3][-]{subsubsection.1.3.2}{\376\377\000H\000a\000r\000d\000w\000a\000r\000e\000\040\000I\000n\000t\000e\000g\000r\000a\000t\000i\000o\000n}{subsection.1.3}% 11
\BOOKMARK [3][-]{subsubsection.1.3.3}{\376\377\000S\000o\000f\000t\000w\000a\000r\000e\000\040\000D\000e\000v\000e\000l\000o\000p\000m\000e\000n\000t}{subsection.1.3}% 12
\BOOKMARK [3][-]{subsubsection.1.3.4}{\376\377\000S\000y\000s\000t\000e\000m\000\040\000T\000e\000s\000t\000i\000n\000g\000\040\000a\000n\000d\000\040\000V\000a\000l\000i\000d\000a\000t\000i\000o\000n}{subsection.1.3}% 13
\BOOKMARK [3][-]{subsubsection.1.3.5}{\376\377\000F\000i\000n\000a\000l\000\040\000D\000e\000l\000i\000v\000e\000r\000a\000b\000l\000e\000s}{subsection.1.3}% 14
\BOOKMARK [1][-]{section.2}{\376\377\000S\000p\000e\000c\000i\000f\000i\000c\000a\000t\000i\000o\000n\000s}{}% 15
\BOOKMARK [2][-]{subsection.2.1}{\376\377\000S\000p\000e\000c\000i\000f\000i\000c\000a\000t\000i\000o\000n\000s\000\040\000r\000e\000q\000u\000i\000r\000e\000d}{section.2}% 16
\BOOKMARK [3][-]{subsubsection.2.1.1}{\376\377\000H\000a\000r\000d\000w\000a\000r\000e}{subsection.2.1}% 17
\BOOKMARK [3][-]{subsubsection.2.1.2}{\376\377\000S\000o\000f\000t\000w\000a\000r\000e}{subsection.2.1}% 18
\BOOKMARK [3][-]{subsubsection.2.1.3}{\376\377\000S\000y\000s\000t\000e\000m\000\040\000R\000e\000q\000u\000i\000r\000e\000m\000e\000n\000t\000s}{subsection.2.1}% 19
\BOOKMARK [2][-]{subsection.2.2}{\376\377\000A\000d\000d\000i\000t\000i\000o\000n\000a\000l\000\040\000s\000p\000e\000c\000i\000f\000i\000c\000a\000t\000i\000o\000n\000s\000\040\000i\000m\000p\000l\000e\000m\000e\000n\000t\000e\000d}{section.2}% 20
\BOOKMARK [1][-]{section.3}{\376\377\000H\000a\000r\000d\000w\000a\000r\000e\000\040\000A\000n\000a\000l\000y\000s\000i\000s}{}% 21
\BOOKMARK [2][-]{subsection.3.1}{\376\377\000B\000l\000o\000c\000k\000\040\000d\000i\000a\000g\000r\000a\000m}{section.3}% 22
\BOOKMARK [2][-]{subsection.3.2}{\376\377\000I\000n\000t\000e\000r\000f\000a\000c\000e\000s\000\040\000o\000f\000\040\000t\000h\000e\000\040\000s\000y\000s\000t\000e\000m}{section.3}% 23
\BOOKMARK [2][-]{subsection.3.3}{\376\377\000C\000o\000m\000m\000u\000n\000i\000c\000a\000t\000i\000o\000n\000\040\000I\000n\000t\000e\000r\000f\000a\000c\000e\000s\000\040\000u\000s\000e\000d\000\040\000i\000n\000\040\000t\000h\000e\000\040\000s\000y\000s\000t\000e\000m}{section.3}% 24
\BOOKMARK [3][-]{subsubsection.3.3.1}{\376\377\000A\000n\000a\000l\000o\000g\000-\000t\000o\000-\000D\000i\000g\000i\000t\000a\000l\000\040\000C\000o\000n\000v\000e\000r\000t\000e\000r\000\040\000\050\000A\000D\000C\000\051}{subsection.3.3}% 25
\BOOKMARK [3][-]{subsubsection.3.3.2}{\376\377\000I\0002\000C\000\040\000B\000u\000s}{subsection.3.3}% 26
\BOOKMARK [3][-]{subsubsection.3.3.3}{\376\377\000U\000A\000R\000T\000\040\000I\000n\000t\000e\000r\000f\000a\000c\000e}{subsection.3.3}% 27
\BOOKMARK [3][-]{subsubsection.3.3.4}{\376\377\000G\000P\000I\000O\000\040\000D\000i\000g\000i\000t\000a\000l\000\040\000P\000i\000n\000s}{subsection.3.3}% 28
\BOOKMARK [3][-]{subsubsection.3.3.5}{\376\377\000P\000o\000w\000e\000r\000\040\000I\000n\000t\000e\000r\000f\000a\000c\000e\000s}{subsection.3.3}% 29
\BOOKMARK [2][-]{subsection.3.4}{\376\377\000H\000a\000r\000d\000w\000a\000r\000e\000\040\000d\000e\000v\000i\000c\000e\000s}{section.3}% 30
\BOOKMARK [3][-]{subsubsection.3.4.1}{\376\377\000S\000T\000M\0003\0002\000W\000L\0005\0005\000J\000C\000\040\000m\000i\000c\000r\000o\000c\000o\000n\000t\000r\000o\000l\000l\000e\000r}{subsection.3.4}% 31
\BOOKMARK [3][-]{subsubsection.3.4.2}{\376\377\000R\000G\000B\000\040\000L\000E\000D\000\040\000a\000n\000d\000\040\0004\0007\0000\000\040\000O\000h\000m\000\040\000r\000e\000s\000i\000s\000t\000o\000r\000s}{subsection.3.4}% 32
\BOOKMARK [3][-]{subsubsection.3.4.3}{\376\377\000H\000W\0005\000P\000-\0001\000\040\000P\000h\000o\000t\000o\000t\000r\000a\000n\000s\000i\000s\000t\000o\000r\000\040\000a\000n\000d\000\040\0001\000k\000\040\000O\000h\000m\000\040\000r\000e\000s\000i\000s\000t\000o\000r}{subsection.3.4}% 33
\BOOKMARK [3][-]{subsubsection.3.4.4}{\376\377\000S\000E\000N\000-\0001\0003\0003\0002\0002\000\040\000S\000o\000i\000l\000\040\000M\000o\000i\000s\000t\000u\000r\000e\000\040\000S\000e\000n\000s\000o\000r}{subsection.3.4}% 34
\BOOKMARK [3][-]{subsubsection.3.4.5}{\376\377\000S\000i\0007\0000\0002\0001\000\040\000T\000e\000m\000p\000e\000r\000a\000t\000u\000r\000e\000\040\000a\000n\000d\000\040\000H\000u\000m\000i\000d\000i\000t\000y\000\040\000S\000e\000n\000s\000o\000r}{subsection.3.4}% 35
\BOOKMARK [3][-]{subsubsection.3.4.6}{\376\377\000T\000C\000S\0003\0004\0007\0002\0005\000\040\000C\000o\000l\000o\000u\000r\000\040\000S\000e\000n\000s\000o\000r}{subsection.3.4}% 36
\BOOKMARK [3][-]{subsubsection.3.4.7}{\376\377\000M\000M\000A\0008\0004\0005\0001\000Q\000\040\000A\000c\000c\000e\000l\000e\000r\000o\000m\000e\000t\000e\000r}{subsection.3.4}% 37
\BOOKMARK [3][-]{subsubsection.3.4.8}{\376\377\000A\000d\000a\000f\000r\000u\000i\000t\000\040\000U\000l\000t\000i\000m\000a\000t\000e\000\040\000G\000P\000S\000\040\000B\000r\000e\000a\000k\000o\000u\000t\000\040\000v\0003}{subsection.3.4}% 38
\BOOKMARK [1][-]{section.4}{\376\377\000S\000o\000f\000t\000w\000a\000r\000e\000\040\000O\000r\000g\000a\000n\000i\000z\000a\000t\000i\000o\000n}{}% 39
\BOOKMARK [2][-]{subsection.4.1}{\376\377\000D\000e\000s\000c\000r\000i\000p\000t\000i\000o\000n\000\040\000o\000f\000\040\000t\000h\000e\000\040\000G\000l\000o\000b\000a\000l\000\040\000S\000o\000f\000t\000w\000a\000r\000e\000\040\000A\000r\000c\000h\000i\000t\000e\000c\000t\000u\000r\000e}{section.4}% 40
\BOOKMARK [3][-]{subsubsection.4.1.1}{\376\377\000D\000e\000t\000a\000i\000l\000e\000d\000\040\000S\000y\000s\000t\000e\000m\000\040\000B\000e\000h\000a\000v\000i\000o\000u\000r\000\040\000p\000e\000r\000\040\000O\000p\000e\000r\000a\000t\000i\000n\000g\000\040\000M\000o\000d\000e}{subsection.4.1}% 41
\BOOKMARK [3][-]{subsubsection.4.1.2}{\376\377\000M\000o\000d\000e\000\040\000T\000r\000a\000n\000s\000i\000t\000i\000o\000n\000\040\000M\000e\000c\000h\000a\000n\000i\000s\000m}{subsection.4.1}% 42
\BOOKMARK [3][-]{subsubsection.4.1.3}{\376\377\000S\000e\000m\000a\000p\000h\000o\000r\000e\000\040\000S\000y\000n\000c\000h\000r\000o\000n\000i\000s\000a\000t\000i\000o\000n\000\040\000a\000n\000d\000\040\000T\000h\000r\000e\000a\000d\000\040\000I\000n\000t\000e\000r\000a\000c\000t\000i\000o\000n\000s}{subsection.4.1}% 43
\BOOKMARK [3][-]{subsubsection.4.1.4}{\376\377\000A\000t\000o\000m\000i\000c\000\040\000S\000h\000a\000r\000e\000d\000\040\000M\000e\000a\000s\000u\000r\000e\000m\000e\000n\000t\000\040\000S\000t\000r\000u\000c\000t\000u\000r\000e}{subsection.4.1}% 44
\BOOKMARK [3][-]{subsubsection.4.1.5}{\376\377\000P\000e\000r\000i\000p\000h\000e\000r\000a\000l\000\040\000C\000o\000n\000f\000i\000g\000u\000r\000a\000t\000i\000o\000n\000\040\000S\000t\000r\000u\000c\000t\000u\000r\000e}{subsection.4.1}% 45
\BOOKMARK [3][-]{subsubsection.4.1.6}{\376\377\000S\000e\000c\000u\000r\000e\000\040\000I\000n\000i\000t\000i\000a\000l\000i\000z\000a\000t\000i\000o\000n}{subsection.4.1}% 46
\BOOKMARK [3][-]{subsubsection.4.1.7}{\376\377\000D\000e\000v\000i\000c\000e\000\040\000D\000i\000s\000c\000o\000n\000n\000e\000c\000t\000e\000d}{subsection.4.1}% 47
\BOOKMARK [2][-]{subsection.4.2}{\376\377\000M\000o\000d\000u\000l\000e\000s}{section.4}% 48
\BOOKMARK [3][-]{subsubsection.4.2.1}{\376\377\000a\000d\000c\000.\000c\000\040\000a\000n\000d\000\040\000a\000d\000c\000.\000h}{subsection.4.2}% 49
\BOOKMARK [3][-]{subsubsection.4.2.2}{\376\377\000g\000p\000s\000.\000c\000\040\000a\000n\000d\000\040\000g\000p\000s\000.\000h}{subsection.4.2}% 50
\BOOKMARK [3][-]{subsubsection.4.2.3}{\376\377\000i\0002\000c\000.\000c\000\040\000a\000n\000d\000\040\000i\0002\000c\000.\000h}{subsection.4.2}% 51
\BOOKMARK [3][-]{subsubsection.4.2.4}{\376\377\000a\000c\000c\000e\000l\000.\000c\000\040\000a\000n\000d\000\040\000a\000c\000c\000e\000l\000.\000h}{subsection.4.2}% 52
\BOOKMARK [3][-]{subsubsection.4.2.5}{\376\377\000c\000o\000l\000o\000r\000.\000c\000\040\000a\000n\000d\000\040\000c\000o\000l\000o\000r\000.\000h}{subsection.4.2}% 53
\BOOKMARK [3][-]{subsubsection.4.2.6}{\376\377\000t\000e\000m\000p\000\137\000h\000u\000m\000.\000c\000\040\000a\000n\000d\000\040\000t\000e\000m\000p\000\137\000h\000u\000m\000.\000h}{subsection.4.2}% 54
\BOOKMARK [3][-]{subsubsection.4.2.7}{\376\377\000r\000g\000b\000\137\000l\000e\000d\000.\000c\000\040\000a\000n\000d\000\040\000r\000g\000b\000\137\000l\000e\000d\000.\000h}{subsection.4.2}% 55
\BOOKMARK [3][-]{subsubsection.4.2.8}{\376\377\000b\000o\000a\000r\000d\000\137\000l\000e\000d\000.\000c\000\040\000a\000n\000d\000\040\000b\000o\000a\000r\000d\000\137\000l\000e\000d\000.\000h}{subsection.4.2}% 56
\BOOKMARK [3][-]{subsubsection.4.2.9}{\376\377\000u\000s\000e\000r\000\137\000b\000u\000t\000t\000o\000n\000.\000c\000\040\000a\000n\000d\000\040\000u\000s\000e\000r\000\137\000b\000u\000t\000t\000o\000n\000.\000h}{subsection.4.2}% 57
\BOOKMARK [2][-]{subsection.4.3}{\376\377\000T\000h\000r\000e\000a\000d\000s}{section.4}% 58
\BOOKMARK [3][-]{subsubsection.4.3.1}{\376\377\000S\000e\000n\000s\000o\000r\000s\000\040\000T\000h\000r\000e\000a\000d}{subsection.4.3}% 59
\BOOKMARK [3][-]{subsubsection.4.3.2}{\376\377\000G\000P\000S\000\040\000T\000h\000r\000e\000a\000d}{subsection.4.3}% 60
\BOOKMARK [2][-]{subsection.4.4}{\376\377\000M\000a\000i\000n}{section.4}% 61
\BOOKMARK [2][-]{subsection.4.5}{\376\377\000Z\000e\000p\000h\000y\000r\000\040\000R\000T\000O\000S}{section.4}% 62
\BOOKMARK [3][-]{subsubsection.4.5.1}{\376\377\000p\000r\000j\000\137\000n\000u\000c\000l\000e\000o\000\137\000w\000l\0005\0005\000j\000c\000.\000c\000o\000n\000f}{subsection.4.5}% 63
\BOOKMARK [3][-]{subsubsection.4.5.2}{\376\377\000n\000u\000c\000l\000e\000o\000\137\000w\000l\0005\0005\000j\000c\000.\000o\000v\000e\000r\000l\000a\000y}{subsection.4.5}% 64
\BOOKMARK [2][-]{subsection.4.6}{\376\377\000T\000h\000r\000e\000a\000d\000\040\000S\000t\000a\000c\000k\000\040\000a\000n\000d\000\040\000C\000P\000U\000\040\000U\000s\000a\000g\000e\000\040\000A\000n\000a\000l\000y\000s\000i\000s}{section.4}% 65
\BOOKMARK [2][-]{subsection.4.7}{\376\377\000C\000o\000m\000p\000i\000l\000a\000t\000i\000o\000n\000\040\000a\000n\000d\000\040\000F\000l\000a\000s\000h\000i\000n\000g\000\040\000O\000u\000t\000p\000u\000t\000\040\000A\000n\000a\000l\000y\000s\000i\000s}{section.4}% 66
\BOOKMARK [2][-]{subsection.4.8}{\376\377\000F\000l\000a\000s\000h\000i\000n\000g\000\040\000t\000h\000e\000\040\000F\000i\000r\000m\000w\000a\000r\000e\000\040\000o\000n\000t\000o\000\040\000t\000h\000e\000\040\000S\000T\000M\0003\0002\000W\000L\0005\0005}{section.4}% 67
\BOOKMARK [2][-]{subsection.4.9}{\376\377\000C\000o\000d\000e\000\040\000D\000o\000c\000u\000m\000e\000n\000t\000a\000t\000i\000o\000n}{section.4}% 68
\BOOKMARK [1][-]{section.5}{\376\377\000R\000e\000s\000u\000l\000t\000s}{}% 69
\BOOKMARK [2][-]{subsection.5.1}{\376\377\000U\000n\000i\000t\000a\000r\000y\000\040\000T\000e\000s\000t\000s}{section.5}% 70
\BOOKMARK [2][-]{subsection.5.2}{\376\377\000S\000y\000s\000t\000e\000m\000\040\000T\000e\000s\000t\000s}{section.5}% 71
\BOOKMARK [3][-]{subsubsection.5.2.1}{\376\377\000I\000n\000i\000t\000i\000a\000l\000i\000s\000a\000t\000i\000o\000n}{subsection.5.2}% 72
\BOOKMARK [3][-]{subsubsection.5.2.2}{\376\377\000M\000e\000a\000s\000u\000r\000e\000m\000e\000n\000t\000s}{subsection.5.2}% 73
\BOOKMARK [3][-]{subsubsection.5.2.3}{\376\377\000M\000o\000d\000e\000\040\000C\000h\000a\000n\000g\000e\000s}{subsection.5.2}% 74
\BOOKMARK [3][-]{subsubsection.5.2.4}{\376\377\000R\000G\000B\000\040\000D\000o\000m\000i\000n\000a\000n\000t\000\040\000c\000o\000l\000o\000r\000\040\000\050\000T\000E\000S\000T\000\040\000M\000O\000D\000E\000\051}{subsection.5.2}% 75
\BOOKMARK [3][-]{subsubsection.5.2.5}{\376\377\000L\000i\000m\000i\000t\000s\000\040\000C\000h\000e\000c\000k\000\040\000\050\000N\000O\000R\000M\000A\000L\000\040\000M\000O\000D\000E\000\051}{subsection.5.2}% 76
\BOOKMARK [3][-]{subsubsection.5.2.6}{\376\377\000R\000G\000B\000\040\000A\000l\000a\000r\000m\000s\000\040\000\050\000N\000O\000R\000M\000A\000L\000\040\000M\000O\000D\000E\000\051}{subsection.5.2}% 77
\BOOKMARK [3][-]{subsubsection.5.2.7}{\376\377\000S\000t\000a\000t\000i\000s\000t\000i\000c\000s\000\040\000C\000o\000m\000p\000r\000o\000b\000a\000t\000i\000o\000n}{subsection.5.2}% 78
\BOOKMARK [3][-]{subsubsection.5.2.8}{\376\377\000A\000D\000V\000A\000N\000C\000E\000D\000\040\000M\000O\000D\000E}{subsection.5.2}% 79
\BOOKMARK [2][-]{subsection.5.3}{\376\377\000E\000x\000t\000e\000r\000n\000a\000l\000\040\000T\000e\000s\000t\000s}{section.5}% 80
\BOOKMARK [3][-]{subsubsection.5.3.1}{\376\377\000C\000P\000P\000\040\000C\000h\000e\000c\000k}{subsection.5.3}% 81
\BOOKMARK [3][-]{subsubsection.5.3.2}{\376\377\000V\000a\000l\000g\000r\000i\000n\000d}{subsection.5.3}% 82
\BOOKMARK [1][-]{section.6}{\376\377\000A\000d\000v\000a\000n\000c\000e\000d\000\040\000S\000p\000e\000c\000i\000f\000i\000c\000a\000t\000i\000o\000n\000s\000\040\000I\000m\000p\000l\000e\000m\000e\000n\000t\000e\000d}{}% 83
\BOOKMARK [2][-]{subsection.6.1}{\376\377\000P\000r\000o\000b\000l\000e\000m\000\040\000S\000t\000a\000t\000e\000m\000e\000n\000t}{section.6}% 84
\BOOKMARK [2][-]{subsection.6.2}{\376\377\000I\000m\000p\000l\000e\000m\000e\000n\000t\000a\000t\000i\000o\000n}{section.6}% 85
\BOOKMARK [3][-]{subsubsection.6.2.1}{\376\377\000M\000a\000c\000r\000o\000\040\000d\000e\000f\000i\000n\000i\000t\000i\000o\000n\000s\000\040\000a\000n\000d\000\040\000t\000i\000m\000i\000n\000g\000\040\000p\000a\000r\000a\000m\000e\000t\000e\000r\000s}{subsection.6.2}% 86
\BOOKMARK [3][-]{subsubsection.6.2.2}{\376\377\000S\000e\000n\000s\000o\000r\000\040\000c\000l\000e\000a\000r\000-\000c\000h\000a\000n\000n\000e\000l\000\040\000s\000a\000f\000e\000t\000y\000\040\000c\000h\000e\000c\000k\000\040\000a\000n\000d\000\040\000n\000o\000r\000m\000a\000l\000i\000s\000a\000t\000i\000o\000n}{subsection.6.2}% 87
\BOOKMARK [3][-]{subsubsection.6.2.3}{\376\377\000D\000i\000a\000g\000n\000o\000s\000t\000i\000c\000\040\000l\000o\000g\000g\000i\000n\000g}{subsection.6.2}% 88
\BOOKMARK [3][-]{subsubsection.6.2.4}{\376\377\000D\000u\000t\000y\000-\000c\000y\000c\000l\000e\000\040\000c\000o\000m\000p\000u\000t\000a\000t\000i\000o\000n}{subsection.6.2}% 89
\BOOKMARK [3][-]{subsubsection.6.2.5}{\376\377\000M\000a\000i\000n\000\040\000P\000W\000M\000\040\000l\000o\000o\000p\000\040\000a\000n\000d\000\040\000p\000e\000r\000-\000s\000t\000e\000p\000\040\000e\000v\000a\000l\000u\000a\000t\000i\000o\000n}{subsection.6.2}% 90
\BOOKMARK [2][-]{subsection.6.3}{\376\377\000R\000e\000s\000u\000l\000t}{section.6}% 91
\BOOKMARK [1][-]{section.7}{\376\377\000C\000o\000n\000c\000l\000u\000s\000i\000o\000n\000s\000\040\000a\000n\000d\000\040\000F\000u\000t\000u\000r\000e\000\040\000W\000o\000r\000k\000s}{}% 92
\BOOKMARK [1][-]{section.8}{\376\377\000B\000i\000b\000l\000i\000o\000g\000r\000a\000p\000h\000y}{}% 93
\BOOKMARK [1][-]{appendix.1.A}{\376\377\000A\000p\000p\000e\000n\000d\000i\000x\000\040\000-\000\040\000G\000i\000t\000H\000u\000b}{}% 94
\BOOKMARK [2][-]{subsection.1.A.1}{\376\377\000G\000i\000t\000H\000u\000b\000\040\000R\000e\000p\000o\000s\000i\000t\000o\000r\000y\000\040\000-\000\040\000S\000o\000u\000r\000c\000e\000\040\000C\000o\000d\000e}{appendix.1.A}% 95
\BOOKMARK [2][-]{subsection.1.A.2}{\376\377\000G\000i\000t\000H\000u\000b\000\040\000P\000a\000g\000e\000s\000\040\000-\000\040\000D\000o\000c\000u\000m\000e\000n\000t\000a\000t\000i\000o\000n}{appendix.1.A}% 96
\BOOKMARK [2][-]{subsection.1.A.3}{\376\377\000G\000i\000t\000H\000u\000b\000\040\000A\000c\000t\000i\000o\000n\000\040\000-\000\040\000W\000o\000r\000k\000f\000l\000o\000w}{appendix.1.A}% 97
