This is pdfTeX, Version 3.141592653-2.6-1.40.25 (MiKTeX 24.1) (preloaded format=pdflatex 2025.2.18)  13 DEC 2025 20:14
entering extended mode
 restricted \write18 enabled.
 file:line:error style messages enabled.
 %&-line parsing enabled.
**c:/Users/Estela/Embedded_IoT/report/main.tex
(c:/Users/Estela/Embedded_IoT/report/main.tex
LaTeX2e <2023-11-01> patch level 1
L3 programming layer <2024-01-04>
(C:\Users\Estela\AppData\Local\Programs\MiKTeX\tex/latex/base\article.cls
Document Class: article 2023/05/17 v1.4n Standard LaTeX document class
(C:\Users\Estela\AppData\Local\Programs\MiKTeX\tex/latex/base\size10.clo
File: size10.clo 2023/05/17 v1.4n Standard LaTeX file (size option)
)
\c@part=\count187
\c@section=\count188
\c@subsection=\count189
\c@subsubsection=\count190
\c@paragraph=\count191
\c@subparagraph=\count192
\c@figure=\count193
\c@table=\count194
\abovecaptionskip=\skip48
\belowcaptionskip=\skip49
\bibindent=\dimen140
) (config.tex (C:\Users\Estela\AppData\Local\Programs\MiKTeX\tex/latex/graphics\graphicx.sty
Package: graphicx 2021/09/16 v1.2d Enhanced LaTeX Graphics (DPC,SPQR)
 (C:\Users\Estela\AppData\Local\Programs\MiKTeX\tex/latex/graphics\keyval.sty
Package: keyval 2022/05/29 v1.15 key=value parser (DPC)
\KV@toks@=\toks17
) (C:\Users\Estela\AppData\Local\Programs\MiKTeX\tex/latex/graphics\graphics.sty
Package: graphics 2022/03/10 v1.4e Standard LaTeX Graphics (DPC,SPQR)
 (C:\Users\Estela\AppData\Local\Programs\MiKTeX\tex/latex/graphics\trig.sty
Package: trig 2021/08/11 v1.11 sin cos tan (DPC)
) (C:\Users\Estela\AppData\Local\Programs\MiKTeX\tex/latex/graphics-cfg\graphics.cfg
File: graphics.cfg 2016/06/04 v1.11 sample graphics configuration
)
Package graphics Info: Driver file: pdftex.def on input line 107.
 (C:\Users\Estela\AppData\Local\Programs\MiKTeX\tex/latex/graphics-def\pdftex.def
File: pdftex.def 2022/09/22 v1.2b Graphics/color driver for pdftex
))
\Gin@req@height=\dimen141
\Gin@req@width=\dimen142
) (C:\Users\Estela\AppData\Local\Programs\MiKTeX\tex/latex/base\inputenc.sty
Package: inputenc 2021/02/14 v1.3d Input encoding file
\inpenc@prehook=\toks18
\inpenc@posthook=\toks19
) (C:\Users\Estela\AppData\Local\Programs\MiKTeX\tex/latex/geometry\geometry.sty
Package: geometry 2020/01/02 v5.9 Page Geometry
 (C:\Users\Estela\AppData\Local\Programs\MiKTeX\tex/generic/iftex\ifvtex.sty
Package: ifvtex 2019/10/25 v1.7 ifvtex legacy package. Use iftex instead.
 (C:\Users\Estela\AppData\Local\Programs\MiKTeX\tex/generic/iftex\iftex.sty
Package: iftex 2022/02/03 v1.0f TeX engine tests
))
\Gm@cnth=\count195
\Gm@cntv=\count196
\c@Gm@tempcnt=\count197
\Gm@bindingoffset=\dimen143
\Gm@wd@mp=\dimen144
\Gm@odd@mp=\dimen145
\Gm@even@mp=\dimen146
\Gm@layoutwidth=\dimen147
\Gm@layoutheight=\dimen148
\Gm@layouthoffset=\dimen149
\Gm@layoutvoffset=\dimen150
\Gm@dimlist=\toks20
 (C:\Users\Estela\AppData\Local\Programs\MiKTeX\tex/latex/geometry\geometry.cfg)) (C:\Users\Estela\AppData\Local\Programs\MiKTeX\tex/generic/babel\babel.sty
Package: babel 2024/01/07 v24.1 The Babel package
\babel@savecnt=\count198
\U@D=\dimen151
\l@unhyphenated=\language79
 (C:\Users\Estela\AppData\Local\Programs\MiKTeX\tex/generic/babel\txtbabel.def)
\bbl@readstream=\read2
\bbl@dirlevel=\count199

*************************************
* Local config file bblopts.cfg used
*
(C:\Users\Estela\AppData\Local\Programs\MiKTeX\tex/latex/arabi\bblopts.cfg
File: bblopts.cfg 2005/09/08 v0.1 add Arabic and Farsi to "declared" options of babel
) (C:\Users\Estela\AppData\Local\Programs\MiKTeX\tex/latex/babel-english\english.ldf
Language: english 2017/06/06 v3.3r English support from the babel system
Package babel Info: Hyphen rules for 'canadian' set to \l@english
(babel)             (\language0). Reported on input line 102.
Package babel Info: Hyphen rules for 'australian' set to \l@ukenglish
(babel)             (\language73). Reported on input line 105.
Package babel Info: Hyphen rules for 'newzealand' set to \l@ukenglish
(babel)             (\language73). Reported on input line 108.
)) (C:\Users\Estela\AppData\Local\Programs\MiKTeX\tex/generic/babel/locale/en\babel-english.tex
Package babel Info: Importing font and identification data for english
(babel)             from babel-en.ini. Reported on input line 11.
) (C:\Users\Estela\AppData\Local\Programs\MiKTeX\tex/latex/fancyhdr\fancyhdr.sty
Package: fancyhdr 2025/01/07 v5.1.1 Extensive control of page headers and footers
\f@nch@headwidth=\skip50
\f@nch@offset@elh=\skip51
\f@nch@offset@erh=\skip52
\f@nch@offset@olh=\skip53
\f@nch@offset@orh=\skip54
\f@nch@offset@elf=\skip55
\f@nch@offset@erf=\skip56
\f@nch@offset@olf=\skip57
\f@nch@offset@orf=\skip58
\f@nch@height=\skip59
\f@nch@footalignment=\skip60
\f@nch@widthL=\skip61
\f@nch@widthC=\skip62
\f@nch@widthR=\skip63
\@temptokenb=\toks21
) (C:\Users\Estela\AppData\Local\Programs\MiKTeX\tex/latex/hyperref\hyperref.sty
Package: hyperref 2023-11-26 v7.01g Hypertext links for LaTeX
 (C:\Users\Estela\AppData\Local\Programs\MiKTeX\tex/generic/infwarerr\infwarerr.sty
Package: infwarerr 2019/12/03 v1.5 Providing info/warning/error messages (HO)
) (C:\Users\Estela\AppData\Local\Programs\MiKTeX\tex/latex/kvsetkeys\kvsetkeys.sty
Package: kvsetkeys 2022-10-05 v1.19 Key value parser (HO)
) (C:\Users\Estela\AppData\Local\Programs\MiKTeX\tex/generic/kvdefinekeys\kvdefinekeys.sty
Package: kvdefinekeys 2019-12-19 v1.6 Define keys (HO)
) (C:\Users\Estela\AppData\Local\Programs\MiKTeX\tex/generic/pdfescape\pdfescape.sty
Package: pdfescape 2019/12/09 v1.15 Implements pdfTeX's escape features (HO)
 (C:\Users\Estela\AppData\Local\Programs\MiKTeX\tex/generic/ltxcmds\ltxcmds.sty
Package: ltxcmds 2023-12-04 v1.26 LaTeX kernel commands for general use (HO)
) (C:\Users\Estela\AppData\Local\Programs\MiKTeX\tex/generic/pdftexcmds\pdftexcmds.sty
Package: pdftexcmds 2020-06-27 v0.33 Utility functions of pdfTeX for LuaTeX (HO)
Package pdftexcmds Info: \pdf@primitive is available.
Package pdftexcmds Info: \pdf@ifprimitive is available.
Package pdftexcmds Info: \pdfdraftmode found.
)) (C:\Users\Estela\AppData\Local\Programs\MiKTeX\tex/latex/hycolor\hycolor.sty
Package: hycolor 2020-01-27 v1.10 Color options for hyperref/bookmark (HO)
) (C:\Users\Estela\AppData\Local\Programs\MiKTeX\tex/latex/letltxmacro\letltxmacro.sty
Package: letltxmacro 2019/12/03 v1.6 Let assignment for LaTeX macros (HO)
) (C:\Users\Estela\AppData\Local\Programs\MiKTeX\tex/latex/auxhook\auxhook.sty
Package: auxhook 2019-12-17 v1.6 Hooks for auxiliary files (HO)
) (C:\Users\Estela\AppData\Local\Programs\MiKTeX\tex/latex/hyperref\nameref.sty
Package: nameref 2023-11-26 v2.56 Cross-referencing by name of section
 (C:\Users\Estela\AppData\Local\Programs\MiKTeX\tex/latex/refcount\refcount.sty
Package: refcount 2019/12/15 v3.6 Data extraction from label references (HO)
) (C:\Users\Estela\AppData\Local\Programs\MiKTeX\tex/generic/gettitlestring\gettitlestring.sty
Package: gettitlestring 2019/12/15 v1.6 Cleanup title references (HO)
 (C:\Users\Estela\AppData\Local\Programs\MiKTeX\tex/latex/kvoptions\kvoptions.sty
Package: kvoptions 2022-06-15 v3.15 Key value format for package options (HO)
))
\c@section@level=\count266
) (C:\Users\Estela\AppData\Local\Programs\MiKTeX\tex/latex/etoolbox\etoolbox.sty
Package: etoolbox 2020/10/05 v2.5k e-TeX tools for LaTeX (JAW)
\etb@tempcnta=\count267
)
\@linkdim=\dimen152
\Hy@linkcounter=\count268
\Hy@pagecounter=\count269
 (C:\Users\Estela\AppData\Local\Programs\MiKTeX\tex/latex/hyperref\pd1enc.def
File: pd1enc.def 2023-11-26 v7.01g Hyperref: PDFDocEncoding definition (HO)
Now handling font encoding PD1 ...
... no UTF-8 mapping file for font encoding PD1
) (C:\Users\Estela\AppData\Local\Programs\MiKTeX\tex/generic/intcalc\intcalc.sty
Package: intcalc 2019/12/15 v1.3 Expandable calculations with integers (HO)
)
\Hy@SavedSpaceFactor=\count270
 (C:\Users\Estela\AppData\Local\Programs\MiKTeX\tex/latex/hyperref\puenc.def
File: puenc.def 2023-11-26 v7.01g Hyperref: PDF Unicode definition (HO)
Now handling font encoding PU ...
... no UTF-8 mapping file for font encoding PU
)
Package hyperref Info: Hyper figures OFF on input line 4181.
Package hyperref Info: Link nesting OFF on input line 4186.
Package hyperref Info: Hyper index ON on input line 4189.
Package hyperref Info: Plain pages OFF on input line 4196.
Package hyperref Info: Backreferencing OFF on input line 4201.
Package hyperref Info: Implicit mode ON; LaTeX internals redefined.
Package hyperref Info: Bookmarks ON on input line 4448.
\c@Hy@tempcnt=\count271
 (C:\Users\Estela\AppData\Local\Programs\MiKTeX\tex/latex/url\url.sty
\Urlmuskip=\muskip16
Package: url 2013/09/16  ver 3.4  Verb mode for urls, etc.
)
LaTeX Info: Redefining \url on input line 4786.
\XeTeXLinkMargin=\dimen153
 (C:\Users\Estela\AppData\Local\Programs\MiKTeX\tex/generic/bitset\bitset.sty
Package: bitset 2019/12/09 v1.3 Handle bit-vector datatype (HO)
 (C:\Users\Estela\AppData\Local\Programs\MiKTeX\tex/generic/bigintcalc\bigintcalc.sty
Package: bigintcalc 2019/12/15 v1.5 Expandable calculations on big integers (HO)
))
\Fld@menulength=\count272
\Field@Width=\dimen154
\Fld@charsize=\dimen155
Package hyperref Info: Hyper figures OFF on input line 6065.
Package hyperref Info: Link nesting OFF on input line 6070.
Package hyperref Info: Hyper index ON on input line 6073.
Package hyperref Info: backreferencing OFF on input line 6080.
Package hyperref Info: Link coloring OFF on input line 6085.
Package hyperref Info: Link coloring with OCG OFF on input line 6090.
Package hyperref Info: PDF/A mode OFF on input line 6095.
 (C:\Users\Estela\AppData\Local\Programs\MiKTeX\tex/latex/base\atbegshi-ltx.sty
Package: atbegshi-ltx 2021/01/10 v1.0c Emulation of the original atbegshi
package with kernel methods
)
\Hy@abspage=\count273
\c@Item=\count274
\c@Hfootnote=\count275
)
Package hyperref Info: Driver (autodetected): hpdftex.
 (C:\Users\Estela\AppData\Local\Programs\MiKTeX\tex/latex/hyperref\hpdftex.def
File: hpdftex.def 2023-11-26 v7.01g Hyperref driver for pdfTeX
 (C:\Users\Estela\AppData\Local\Programs\MiKTeX\tex/latex/base\atveryend-ltx.sty
Package: atveryend-ltx 2020/08/19 v1.0a Emulation of the original atveryend package
with kernel methods
)
\Fld@listcount=\count276
\c@bookmark@seq@number=\count277
 (C:\Users\Estela\AppData\Local\Programs\MiKTeX\tex/latex/rerunfilecheck\rerunfilecheck.sty
Package: rerunfilecheck 2022-07-10 v1.10 Rerun checks for auxiliary files (HO)
 (C:\Users\Estela\AppData\Local\Programs\MiKTeX\tex/generic/uniquecounter\uniquecounter.sty
Package: uniquecounter 2019/12/15 v1.4 Provide unlimited unique counter (HO)
)
Package uniquecounter Info: New unique counter `rerunfilecheck' on input line 285.
)
\Hy@SectionHShift=\skip64
) (C:\Users\Estela\AppData\Local\Programs\MiKTeX\tex/latex/pdfpages\pdfpages.sty
Package: pdfpages 2025/01/30 v0.6e Insert pages of external PDF documents (AM)
 (C:\Users\Estela\AppData\Local\Programs\MiKTeX\tex/latex/base\ifthen.sty
Package: ifthen 2022/04/13 v1.1d Standard LaTeX ifthen package (DPC)
) (C:\Users\Estela\AppData\Local\Programs\MiKTeX\tex/latex/tools\calc.sty
Package: calc 2023/07/08 v4.3 Infix arithmetic (KKT,FJ)
\calc@Acount=\count278
\calc@Bcount=\count279
\calc@Adimen=\dimen156
\calc@Bdimen=\dimen157
\calc@Askip=\skip65
\calc@Bskip=\skip66
LaTeX Info: Redefining \setlength on input line 80.
LaTeX Info: Redefining \addtolength on input line 81.
\calc@Ccount=\count280
\calc@Cskip=\skip67
) (C:\Users\Estela\AppData\Local\Programs\MiKTeX\tex/latex/eso-pic\eso-pic.sty
Package: eso-pic 2023/05/03 v3.0c eso-pic (RN)
\ESO@tempdima=\dimen158
\ESO@tempdimb=\dimen159
 (C:\Users\Estela\AppData\Local\Programs\MiKTeX\tex/latex/xcolor\xcolor.sty
Package: xcolor 2023/11/15 v3.01 LaTeX color extensions (UK)
 (C:\Users\Estela\AppData\Local\Programs\MiKTeX\tex/latex/graphics-cfg\color.cfg
File: color.cfg 2016/01/02 v1.6 sample color configuration
)
Package xcolor Info: Driver file: pdftex.def on input line 274.
 (C:\Users\Estela\AppData\Local\Programs\MiKTeX\tex/latex/graphics\mathcolor.ltx)
Package xcolor Info: Model `cmy' substituted by `cmy0' on input line 1350.
Package xcolor Info: Model `hsb' substituted by `rgb' on input line 1354.
Package xcolor Info: Model `RGB' extended on input line 1366.
Package xcolor Info: Model `HTML' substituted by `rgb' on input line 1368.
Package xcolor Info: Model `Hsb' substituted by `hsb' on input line 1369.
Package xcolor Info: Model `tHsb' substituted by `hsb' on input line 1370.
Package xcolor Info: Model `HSB' substituted by `hsb' on input line 1371.
Package xcolor Info: Model `Gray' substituted by `gray' on input line 1372.
Package xcolor Info: Model `wave' substituted by `hsb' on input line 1373.
))
\AM@pagewidth=\dimen160
\AM@pageheight=\dimen161
\AM@fboxrule=\dimen162
 (C:\Users\Estela\AppData\Local\Programs\MiKTeX\tex/latex/pdfpages\pppdftex.def
File: pppdftex.def 2025/01/30 v0.6e Pdfpages driver for pdfTeX (AM)
)
\pdfpages@includegraphics@status=\count281
\AM@pagebox=\box51
\AM@global@opts=\toks22
\AM@pagecnt=\count282
\AM@toc@title=\toks23
\AM@lof@heading=\toks24
\c@AM@survey=\count283
\AM@templatesizebox=\box52
) (C:\Users\Estela\AppData\Local\Programs\MiKTeX\tex/latex/biblatex\biblatex.sty
Package: biblatex 2023/03/05 v3.19 programmable bibliographies (PK/MW)
 (C:\Users\Estela\AppData\Local\Programs\MiKTeX\tex/latex/logreq\logreq.sty
Package: logreq 2010/08/04 v1.0 xml request logger
\lrq@indent=\count284
 (C:\Users\Estela\AppData\Local\Programs\MiKTeX\tex/latex/logreq\logreq.def
File: logreq.def 2010/08/04 v1.0 logreq spec v1.0
))
\c@tabx@nest=\count285
\c@listtotal=\count286
\c@listcount=\count287
\c@liststart=\count288
\c@liststop=\count289
\c@citecount=\count290
\c@citetotal=\count291
\c@multicitecount=\count292
\c@multicitetotal=\count293
\c@instcount=\count294
\c@maxnames=\count295
\c@minnames=\count296
\c@maxitems=\count297
\c@minitems=\count298
\c@citecounter=\count299
\c@maxcitecounter=\count300
\c@savedcitecounter=\count301
\c@uniquelist=\count302
\c@uniquename=\count303
\c@refsection=\count304
\c@refsegment=\count305
\c@maxextratitle=\count306
\c@maxextratitleyear=\count307
\c@maxextraname=\count308
\c@maxextradate=\count309
\c@maxextraalpha=\count310
\c@abbrvpenalty=\count311
\c@highnamepenalty=\count312
\c@lownamepenalty=\count313
\c@maxparens=\count314
\c@parenlevel=\count315
\blx@tempcnta=\count316
\blx@tempcntb=\count317
\blx@tempcntc=\count318
\c@blx@maxsection=\count319
\blx@maxsegment@0=\count320
\blx@notetype=\count321
\blx@parenlevel@text=\count322
\blx@parenlevel@foot=\count323
\blx@sectionciteorder@0=\count324
\blx@sectionciteorderinternal@0=\count325
\blx@entrysetcounter=\count326
\blx@biblioinstance=\count327
\labelnumberwidth=\skip68
\labelalphawidth=\skip69
\biblabelsep=\skip70
\bibitemsep=\skip71
\bibnamesep=\skip72
\bibinitsep=\skip73
\bibparsep=\skip74
\bibhang=\skip75
\blx@bcfin=\read3
\blx@bcfout=\write3
\blx@langwohyphens=\language80
\c@mincomprange=\count328
\c@maxcomprange=\count329
\c@mincompwidth=\count330
Package biblatex Info: Trying to load biblatex default data model...
Package biblatex Info: ... file 'blx-dm.def' found.
 (C:\Users\Estela\AppData\Local\Programs\MiKTeX\tex/latex/biblatex\blx-dm.def
File: blx-dm.def 2023/03/05 v3.19 biblatex localization (PK/MW)
)
Package biblatex Info: Trying to load biblatex style data model...
Package biblatex Info: ... file 'ieee.dbx' not found.
Package biblatex Info: Trying to load biblatex custom data model...
Package biblatex Info: ... file 'biblatex-dm.cfg' not found.
\c@afterword=\count331
\c@savedafterword=\count332
\c@annotator=\count333
\c@savedannotator=\count334
\c@author=\count335
\c@savedauthor=\count336
\c@bookauthor=\count337
\c@savedbookauthor=\count338
\c@commentator=\count339
\c@savedcommentator=\count340
\c@editor=\count341
\c@savededitor=\count342
\c@editora=\count343
\c@savededitora=\count344
\c@editorb=\count345
\c@savededitorb=\count346
\c@editorc=\count347
\c@savededitorc=\count348
\c@foreword=\count349
\c@savedforeword=\count350
\c@holder=\count351
\c@savedholder=\count352
\c@introduction=\count353
\c@savedintroduction=\count354
\c@namea=\count355
\c@savednamea=\count356
\c@nameb=\count357
\c@savednameb=\count358
\c@namec=\count359
\c@savednamec=\count360
\c@translator=\count361
\c@savedtranslator=\count362
\c@shortauthor=\count363
\c@savedshortauthor=\count364
\c@shorteditor=\count365
\c@savedshorteditor=\count366
\c@labelname=\count367
\c@savedlabelname=\count368
\c@institution=\count369
\c@savedinstitution=\count370
\c@lista=\count371
\c@savedlista=\count372
\c@listb=\count373
\c@savedlistb=\count374
\c@listc=\count375
\c@savedlistc=\count376
\c@listd=\count377
\c@savedlistd=\count378
\c@liste=\count379
\c@savedliste=\count380
\c@listf=\count381
\c@savedlistf=\count382
\c@location=\count383
\c@savedlocation=\count384
\c@organization=\count385
\c@savedorganization=\count386
\c@origlocation=\count387
\c@savedoriglocation=\count388
\c@origpublisher=\count389
\c@savedorigpublisher=\count390
\c@publisher=\count391
\c@savedpublisher=\count392
\c@language=\count393
\c@savedlanguage=\count394
\c@origlanguage=\count395
\c@savedoriglanguage=\count396
\c@pageref=\count397
\c@savedpageref=\count398
\shorthandwidth=\skip76
\shortjournalwidth=\skip77
\shortserieswidth=\skip78
\shorttitlewidth=\skip79
\shortauthorwidth=\skip80
\shorteditorwidth=\skip81
\locallabelnumberwidth=\skip82
\locallabelalphawidth=\skip83
\localshorthandwidth=\skip84
\localshortjournalwidth=\skip85
\localshortserieswidth=\skip86
\localshorttitlewidth=\skip87
\localshortauthorwidth=\skip88
\localshorteditorwidth=\skip89
Package biblatex Info: Trying to load compatibility code...
Package biblatex Info: ... file 'blx-compat.def' found.
 (C:\Users\Estela\AppData\Local\Programs\MiKTeX\tex/latex/biblatex\blx-compat.def
File: blx-compat.def 2023/03/05 v3.19 biblatex compatibility (PK/MW)
)
Package biblatex Info: Trying to load generic definitions...
Package biblatex Info: ... file 'biblatex.def' found.
 (C:\Users\Estela\AppData\Local\Programs\MiKTeX\tex/latex/biblatex\biblatex.def
File: biblatex.def 2023/03/05 v3.19 biblatex compatibility (PK/MW)
\c@textcitecount=\count399
\c@textcitetotal=\count400
\c@textcitemaxnames=\count401
\c@biburlbigbreakpenalty=\count402
\c@biburlbreakpenalty=\count403
\c@biburlnumpenalty=\count404
\c@biburlucpenalty=\count405
\c@biburllcpenalty=\count406
\biburlbigskip=\muskip17
\biburlnumskip=\muskip18
\biburlucskip=\muskip19
\biburllcskip=\muskip20
\c@smartand=\count407
)
Package biblatex Info: Trying to load bibliography style 'ieee'...
Package biblatex Info: ... file 'ieee.bbx' found.
 (C:\Users\Estela\AppData\Local\Programs\MiKTeX\tex/latex/biblatex-ieee\ieee.bbx
File: ieee.bbx 2025-01-15 v1.4c biblatex bibliography style
Package biblatex Info: Trying to load bibliography style 'numeric-comp'...
Package biblatex Info: ... file 'numeric-comp.bbx' found.
 (C:\Users\Estela\AppData\Local\Programs\MiKTeX\tex/latex/biblatex/bbx\numeric-comp.bbx
File: numeric-comp.bbx 2023/03/05 v3.19 biblatex bibliography style (PK/MW)
Package biblatex Info: Trying to load bibliography style 'numeric'...
Package biblatex Info: ... file 'numeric.bbx' found.
 (C:\Users\Estela\AppData\Local\Programs\MiKTeX\tex/latex/biblatex/bbx\numeric.bbx
File: numeric.bbx 2023/03/05 v3.19 biblatex bibliography style (PK/MW)
Package biblatex Info: Trying to load bibliography style 'standard'...
Package biblatex Info: ... file 'standard.bbx' found.
 (C:\Users\Estela\AppData\Local\Programs\MiKTeX\tex/latex/biblatex/bbx\standard.bbx
File: standard.bbx 2023/03/05 v3.19 biblatex bibliography style (PK/MW)
\c@bbx:relatedcount=\count408
\c@bbx:relatedtotal=\count409
))))
Package biblatex Info: Trying to load citation style 'ieee'...
Package biblatex Info: ... file 'ieee.cbx' found.
 (C:\Users\Estela\AppData\Local\Programs\MiKTeX\tex/latex/biblatex-ieee\ieee.cbx
File: ieee.cbx 2025-01-15 v1.4c biblatex citation style
Package biblatex Info: Trying to load citation style 'numeric-verb'...
Package biblatex Info: ... file 'numeric-verb.cbx' found.
 (C:\Users\Estela\AppData\Local\Programs\MiKTeX\tex/latex/biblatex/cbx\numeric-verb.cbx
File: numeric-verb.cbx 2023/03/05 v3.19 biblatex citation style (PK/MW)
Package biblatex Info: Redefining '\cite'.
Package biblatex Info: Redefining '\parencite'.
Package biblatex Info: Redefining '\footcite'.
Package biblatex Info: Redefining '\footcitetext'.
Package biblatex Info: Redefining '\smartcite'.
Package biblatex Info: Redefining '\textcite'.
Package biblatex Info: Redefining '\supercite'.
Package biblatex Info: Redefining '\parencites'.
Package biblatex Info: Redefining '\smartcites'.
Package biblatex Info: Redefining '\textcites'.
))
Package biblatex Info: Trying to load configuration file...
Package biblatex Info: ... file 'biblatex.cfg' found.
 (C:\Users\Estela\AppData\Local\Programs\MiKTeX\tex/latex/biblatex\biblatex.cfg
File: biblatex.cfg 
)
Package biblatex Info: Input encoding 'utf8' detected.
Package biblatex Info: Document encoding is UTF8 ....
 (C:\Users\Estela\AppData\Local\Programs\MiKTeX\tex/latex/l3kernel\expl3.sty
Package: expl3 2024-01-04 L3 programming layer (loader) 
 (C:\Users\Estela\AppData\Local\Programs\MiKTeX\tex/latex/l3backend\l3backend-pdftex.def
File: l3backend-pdftex.def 2024-01-04 L3 backend support: PDF output (pdfTeX)
\l__color_backend_stack_int=\count410
\l__pdf_internal_box=\box53
))
Package biblatex Info: ... and expl3
(biblatex)             2024-01-04 L3 programming layer (loader) 
(biblatex)             is new enough (at least 2020/04/06),
(biblatex)             setting 'casechanger=expl3'.
 (C:\Users\Estela\AppData\Local\Programs\MiKTeX\tex/latex/biblatex\blx-case-expl3.sty (C:\Users\Estela\AppData\Local\Programs\MiKTeX\tex/latex/l3packages/xparse\xparse.sty
Package: xparse 2023-10-10 L3 Experimental document command parser
)
Package: blx-case-expl3 2023/03/05 v3.19 expl3 case changing code for biblatex
)) (C:\Users\Estela\AppData\Local\Programs\MiKTeX\tex/latex/csquotes\csquotes.sty
Package: csquotes 2024-04-04 v5.2o context-sensitive quotations (JAW)
\csq@reset=\count411
\csq@gtype=\count412
\csq@glevel=\count413
\csq@qlevel=\count414
\csq@maxlvl=\count415
\csq@tshold=\count416
\csq@ltx@everypar=\toks25
 (C:\Users\Estela\AppData\Local\Programs\MiKTeX\tex/latex/csquotes\csquotes.def
File: csquotes.def 2024-04-04 v5.2o csquotes generic definitions (JAW)
)
Package csquotes Info: Trying to load configuration file 'csquotes.cfg'...
Package csquotes Info: ... configuration file loaded successfully.
 (C:\Users\Estela\AppData\Local\Programs\MiKTeX\tex/latex/csquotes\csquotes.cfg
File: csquotes.cfg 
)) (C:\Users\Estela\AppData\Local\Programs\MiKTeX\tex/latex/booktabs\booktabs.sty
Package: booktabs 2020/01/12 v1.61803398 Publication quality tables
\heavyrulewidth=\dimen163
\lightrulewidth=\dimen164
\cmidrulewidth=\dimen165
\belowrulesep=\dimen166
\belowbottomsep=\dimen167
\aboverulesep=\dimen168
\abovetopsep=\dimen169
\cmidrulesep=\dimen170
\cmidrulekern=\dimen171
\defaultaddspace=\dimen172
\@cmidla=\count417
\@cmidlb=\count418
\@aboverulesep=\dimen173
\@belowrulesep=\dimen174
\@thisruleclass=\count419
\@lastruleclass=\count420
\@thisrulewidth=\dimen175
) (C:\Users\Estela\AppData\Local\Programs\MiKTeX\tex/latex/parskip\parskip.sty
Package: parskip 2021-03-14 v2.0h non-zero parskip adjustments
) (C:\Users\Estela\AppData\Local\Programs\MiKTeX\tex/latex/tools\longtable.sty
Package: longtable 2023-11-01 v4.19 Multi-page Table package (DPC)
\LTleft=\skip90
\LTright=\skip91
\LTpre=\skip92
\LTpost=\skip93
\LTchunksize=\count421
\LTcapwidth=\dimen176
\LT@head=\box54
\LT@firsthead=\box55
\LT@foot=\box56
\LT@lastfoot=\box57
\LT@gbox=\box58
\LT@cols=\count422
\LT@rows=\count423
\c@LT@tables=\count424
\c@LT@chunks=\count425
\LT@p@ftn=\toks26
) (C:\Users\Estela\AppData\Local\Programs\MiKTeX\tex/latex/float\float.sty
Package: float 2001/11/08 v1.3d Float enhancements (AL)
\c@float@type=\count426
\float@exts=\toks27
\float@box=\box59
\@float@everytoks=\toks28
\@floatcapt=\box60
) (C:\Users\Estela\AppData\Local\Programs\MiKTeX\tex/latex/amsmath\amstext.sty
Package: amstext 2021/08/26 v2.01 AMS text
 (C:\Users\Estela\AppData\Local\Programs\MiKTeX\tex/latex/amsmath\amsgen.sty
File: amsgen.sty 1999/11/30 v2.0 generic functions
\@emptytoks=\toks29
\ex@=\dimen177
)) (C:\Users\Estela\AppData\Local\Programs\MiKTeX\tex/latex/mathtools\mathtools.sty
Package: mathtools 2024/10/04 v1.31 mathematical typesetting tools
 (C:\Users\Estela\AppData\Local\Programs\MiKTeX\tex/latex/mathtools\mhsetup.sty
Package: mhsetup 2021/03/18 v1.4 programming setup (MH)
) (C:\Users\Estela\AppData\Local\Programs\MiKTeX\tex/latex/amsmath\amsmath.sty
Package: amsmath 2023/05/13 v2.17o AMS math features
\@mathmargin=\skip94

For additional information on amsmath, use the `?' option.
(C:\Users\Estela\AppData\Local\Programs\MiKTeX\tex/latex/amsmath\amsbsy.sty
Package: amsbsy 1999/11/29 v1.2d Bold Symbols
\pmbraise@=\dimen178
) (C:\Users\Estela\AppData\Local\Programs\MiKTeX\tex/latex/amsmath\amsopn.sty
Package: amsopn 2022/04/08 v2.04 operator names
)
\inf@bad=\count427
LaTeX Info: Redefining \frac on input line 234.
\uproot@=\count428
\leftroot@=\count429
LaTeX Info: Redefining \overline on input line 399.
LaTeX Info: Redefining \colon on input line 410.
\classnum@=\count430
\DOTSCASE@=\count431
LaTeX Info: Redefining \ldots on input line 496.
LaTeX Info: Redefining \dots on input line 499.
LaTeX Info: Redefining \cdots on input line 620.
\Mathstrutbox@=\box61
\strutbox@=\box62
LaTeX Info: Redefining \big on input line 722.
LaTeX Info: Redefining \Big on input line 723.
LaTeX Info: Redefining \bigg on input line 724.
LaTeX Info: Redefining \Bigg on input line 725.
\big@size=\dimen179
LaTeX Font Info:    Redeclaring font encoding OML on input line 743.
LaTeX Font Info:    Redeclaring font encoding OMS on input line 744.
\macc@depth=\count432
LaTeX Info: Redefining \bmod on input line 905.
LaTeX Info: Redefining \pmod on input line 910.
LaTeX Info: Redefining \smash on input line 940.
LaTeX Info: Redefining \relbar on input line 970.
LaTeX Info: Redefining \Relbar on input line 971.
\c@MaxMatrixCols=\count433
\dotsspace@=\muskip21
\c@parentequation=\count434
\dspbrk@lvl=\count435
\tag@help=\toks30
\row@=\count436
\column@=\count437
\maxfields@=\count438
\andhelp@=\toks31
\eqnshift@=\dimen180
\alignsep@=\dimen181
\tagshift@=\dimen182
\tagwidth@=\dimen183
\totwidth@=\dimen184
\lineht@=\dimen185
\@envbody=\toks32
\multlinegap=\skip95
\multlinetaggap=\skip96
\mathdisplay@stack=\toks33
LaTeX Info: Redefining \[ on input line 2953.
LaTeX Info: Redefining \] on input line 2954.
)
\g_MT_multlinerow_int=\count439
\l_MT_multwidth_dim=\dimen186
\origjot=\skip97
\l_MT_shortvdotswithinadjustabove_dim=\dimen187
\l_MT_shortvdotswithinadjustbelow_dim=\dimen188
\l_MT_above_intertext_sep=\dimen189
\l_MT_below_intertext_sep=\dimen190
\l_MT_above_shortintertext_sep=\dimen191
\l_MT_below_shortintertext_sep=\dimen192
\xmathstrut@box=\box63
\xmathstrut@dim=\dimen193
) (C:\Users\Estela\AppData\Local\Programs\MiKTeX\tex/latex/appendix\appendix.sty
Package: appendix 2020/02/08 v1.2c extra appendix facilities
\c@@pps=\count440
\c@@ppsavesec=\count441
\c@@ppsaveapp=\count442
) (C:\Users\Estela\AppData\Local\Programs\MiKTeX\tex/latex/multirow\multirow.sty
Package: multirow 2024/11/12 v2.9 Span multiple rows of a table
\multirow@colwidth=\skip98
\multirow@cntb=\count443
\multirow@dima=\skip99
\bigstrutjot=\dimen194
) (C:\Users\Estela\AppData\Local\Programs\MiKTeX\tex/latex/listings\listings.sty
\lst@mode=\count444
\lst@gtempboxa=\box64
\lst@token=\toks34
\lst@length=\count445
\lst@currlwidth=\dimen195
\lst@column=\count446
\lst@pos=\count447
\lst@lostspace=\dimen196
\lst@width=\dimen197
\lst@newlines=\count448
\lst@lineno=\count449
\lst@maxwidth=\dimen198
 (C:\Users\Estela\AppData\Local\Programs\MiKTeX\tex/latex/listings\lstmisc.sty
File: lstmisc.sty 2023/02/27 1.9 (Carsten Heinz)
\c@lstnumber=\count450
\lst@skipnumbers=\count451
\lst@framebox=\box65
) (C:\Users\Estela\AppData\Local\Programs\MiKTeX\tex/latex/listings\listings.cfg
File: listings.cfg 2023/02/27 1.9 listings configuration
))
Package: listings 2023/02/27 1.9 (Carsten Heinz)
 (C:\Users\Estela\AppData\Local\Programs\MiKTeX\tex/latex/caption\caption.sty
Package: caption 2023/08/05 v3.6o Customizing captions (AR)
 (C:\Users\Estela\AppData\Local\Programs\MiKTeX\tex/latex/caption\caption3.sty
Package: caption3 2023/07/31 v2.4d caption3 kernel (AR)
\caption@tempdima=\dimen199
\captionmargin=\dimen256
\caption@leftmargin=\dimen257
\caption@rightmargin=\dimen258
\caption@width=\dimen259
\caption@indent=\dimen260
\caption@parindent=\dimen261
\caption@hangindent=\dimen262
Package caption Info: Standard document class detected.
)
\c@caption@flags=\count452
\c@continuedfloat=\count453
Package caption Info: float package is loaded.
Package caption Info: hyperref package is loaded.
Package caption Info: listings package is loaded.
Package caption Info: longtable package is loaded.
 (C:\Users\Estela\AppData\Local\Programs\MiKTeX\tex/latex/caption\ltcaption.sty
Package: ltcaption 2021/01/08 v1.4c longtable captions (AR)
)) (C:\Users\Estela\AppData\Local\Programs\MiKTeX\tex/latex/caption\subcaption.sty
Package: subcaption 2023/07/28 v1.6b Sub-captions (AR)
Package caption Info: New subtype `subfigure' on input line 238.
\c@subfigure=\count454
Package caption Info: New subtype `subtable' on input line 238.
\c@subtable=\count455
) (C:\Users\Estela\AppData\Local\Programs\MiKTeX\tex/latex/pgf/frontendlayer\tikz.sty (C:\Users\Estela\AppData\Local\Programs\MiKTeX\tex/latex/pgf/basiclayer\pgf.sty (C:\Users\Estela\AppData\Local\Programs\MiKTeX\tex/latex/pgf/utilities\pgfrcs.sty (C:\Users\Estela\AppData\Local\Programs\MiKTeX\tex/generic/pgf/utilities\pgfutil-common.tex
\pgfutil@everybye=\toks35
\pgfutil@tempdima=\dimen263
\pgfutil@tempdimb=\dimen264
) (C:\Users\Estela\AppData\Local\Programs\MiKTeX\tex/generic/pgf/utilities\pgfutil-latex.def
\pgfutil@abb=\box66
) (C:\Users\Estela\AppData\Local\Programs\MiKTeX\tex/generic/pgf/utilities\pgfrcs.code.tex (C:\Users\Estela\AppData\Local\Programs\MiKTeX\tex/generic/pgf\pgf.revision.tex)
Package: pgfrcs 2023-01-15 v3.1.10 (3.1.10)
))
Package: pgf 2023-01-15 v3.1.10 (3.1.10)
 (C:\Users\Estela\AppData\Local\Programs\MiKTeX\tex/latex/pgf/basiclayer\pgfcore.sty (C:\Users\Estela\AppData\Local\Programs\MiKTeX\tex/latex/pgf/systemlayer\pgfsys.sty (C:\Users\Estela\AppData\Local\Programs\MiKTeX\tex/generic/pgf/systemlayer\pgfsys.code.tex
Package: pgfsys 2023-01-15 v3.1.10 (3.1.10)
 (C:\Users\Estela\AppData\Local\Programs\MiKTeX\tex/generic/pgf/utilities\pgfkeys.code.tex
\pgfkeys@pathtoks=\toks36
\pgfkeys@temptoks=\toks37
 (C:\Users\Estela\AppData\Local\Programs\MiKTeX\tex/generic/pgf/utilities\pgfkeyslibraryfiltered.code.tex
\pgfkeys@tmptoks=\toks38
))
\pgf@x=\dimen265
\pgf@y=\dimen266
\pgf@xa=\dimen267
\pgf@ya=\dimen268
\pgf@xb=\dimen269
\pgf@yb=\dimen270
\pgf@xc=\dimen271
\pgf@yc=\dimen272
\pgf@xd=\dimen273
\pgf@yd=\dimen274
\w@pgf@writea=\write4
\r@pgf@reada=\read4
\c@pgf@counta=\count456
\c@pgf@countb=\count457
\c@pgf@countc=\count458
\c@pgf@countd=\count459
\t@pgf@toka=\toks39
\t@pgf@tokb=\toks40
\t@pgf@tokc=\toks41
\pgf@sys@id@count=\count460
 (C:\Users\Estela\AppData\Local\Programs\MiKTeX\tex/generic/pgf/systemlayer\pgf.cfg
File: pgf.cfg 2023-01-15 v3.1.10 (3.1.10)
)
Driver file for pgf: pgfsys-pdftex.def
 (C:\Users\Estela\AppData\Local\Programs\MiKTeX\tex/generic/pgf/systemlayer\pgfsys-pdftex.def
File: pgfsys-pdftex.def 2023-01-15 v3.1.10 (3.1.10)
 (C:\Users\Estela\AppData\Local\Programs\MiKTeX\tex/generic/pgf/systemlayer\pgfsys-common-pdf.def
File: pgfsys-common-pdf.def 2023-01-15 v3.1.10 (3.1.10)
))) (C:\Users\Estela\AppData\Local\Programs\MiKTeX\tex/generic/pgf/systemlayer\pgfsyssoftpath.code.tex
File: pgfsyssoftpath.code.tex 2023-01-15 v3.1.10 (3.1.10)
\pgfsyssoftpath@smallbuffer@items=\count461
\pgfsyssoftpath@bigbuffer@items=\count462
) (C:\Users\Estela\AppData\Local\Programs\MiKTeX\tex/generic/pgf/systemlayer\pgfsysprotocol.code.tex
File: pgfsysprotocol.code.tex 2023-01-15 v3.1.10 (3.1.10)
)) (C:\Users\Estela\AppData\Local\Programs\MiKTeX\tex/generic/pgf/basiclayer\pgfcore.code.tex
Package: pgfcore 2023-01-15 v3.1.10 (3.1.10)
 (C:\Users\Estela\AppData\Local\Programs\MiKTeX\tex/generic/pgf/math\pgfmath.code.tex (C:\Users\Estela\AppData\Local\Programs\MiKTeX\tex/generic/pgf/math\pgfmathutil.code.tex) (C:\Users\Estela\AppData\Local\Programs\MiKTeX\tex/generic/pgf/math\pgfmathparser.code.tex
\pgfmath@dimen=\dimen275
\pgfmath@count=\count463
\pgfmath@box=\box67
\pgfmath@toks=\toks42
\pgfmath@stack@operand=\toks43
\pgfmath@stack@operation=\toks44
) (C:\Users\Estela\AppData\Local\Programs\MiKTeX\tex/generic/pgf/math\pgfmathfunctions.code.tex) (C:\Users\Estela\AppData\Local\Programs\MiKTeX\tex/generic/pgf/math\pgfmathfunctions.basic.code.tex) (C:\Users\Estela\AppData\Local\Programs\MiKTeX\tex/generic/pgf/math\pgfmathfunctions.trigonometric.code.tex) (C:\Users\Estela\AppData\Local\Programs\MiKTeX\tex/generic/pgf/math\pgfmathfunctions.random.code.tex) (C:\Users\Estela\AppData\Local\Programs\MiKTeX\tex/generic/pgf/math\pgfmathfunctions.comparison.code.tex) (C:\Users\Estela\AppData\Local\Programs\MiKTeX\tex/generic/pgf/math\pgfmathfunctions.base.code.tex) (C:\Users\Estela\AppData\Local\Programs\MiKTeX\tex/generic/pgf/math\pgfmathfunctions.round.code.tex) (C:\Users\Estela\AppData\Local\Programs\MiKTeX\tex/generic/pgf/math\pgfmathfunctions.misc.code.tex) (C:\Users\Estela\AppData\Local\Programs\MiKTeX\tex/generic/pgf/math\pgfmathfunctions.integerarithmetics.code.tex) (C:\Users\Estela\AppData\Local\Programs\MiKTeX\tex/generic/pgf/math\pgfmathcalc.code.tex) (C:\Users\Estela\AppData\Local\Programs\MiKTeX\tex/generic/pgf/math\pgfmathfloat.code.tex
\c@pgfmathroundto@lastzeros=\count464
)) (C:\Users\Estela\AppData\Local\Programs\MiKTeX\tex/generic/pgf/math\pgfint.code.tex) (C:\Users\Estela\AppData\Local\Programs\MiKTeX\tex/generic/pgf/basiclayer\pgfcorepoints.code.tex
File: pgfcorepoints.code.tex 2023-01-15 v3.1.10 (3.1.10)
\pgf@picminx=\dimen276
\pgf@picmaxx=\dimen277
\pgf@picminy=\dimen278
\pgf@picmaxy=\dimen279
\pgf@pathminx=\dimen280
\pgf@pathmaxx=\dimen281
\pgf@pathminy=\dimen282
\pgf@pathmaxy=\dimen283
\pgf@xx=\dimen284
\pgf@xy=\dimen285
\pgf@yx=\dimen286
\pgf@yy=\dimen287
\pgf@zx=\dimen288
\pgf@zy=\dimen289
) (C:\Users\Estela\AppData\Local\Programs\MiKTeX\tex/generic/pgf/basiclayer\pgfcorepathconstruct.code.tex
File: pgfcorepathconstruct.code.tex 2023-01-15 v3.1.10 (3.1.10)
\pgf@path@lastx=\dimen290
\pgf@path@lasty=\dimen291
) (C:\Users\Estela\AppData\Local\Programs\MiKTeX\tex/generic/pgf/basiclayer\pgfcorepathusage.code.tex
File: pgfcorepathusage.code.tex 2023-01-15 v3.1.10 (3.1.10)
\pgf@shorten@end@additional=\dimen292
\pgf@shorten@start@additional=\dimen293
) (C:\Users\Estela\AppData\Local\Programs\MiKTeX\tex/generic/pgf/basiclayer\pgfcorescopes.code.tex
File: pgfcorescopes.code.tex 2023-01-15 v3.1.10 (3.1.10)
\pgfpic=\box68
\pgf@hbox=\box69
\pgf@layerbox@main=\box70
\pgf@picture@serial@count=\count465
) (C:\Users\Estela\AppData\Local\Programs\MiKTeX\tex/generic/pgf/basiclayer\pgfcoregraphicstate.code.tex
File: pgfcoregraphicstate.code.tex 2023-01-15 v3.1.10 (3.1.10)
\pgflinewidth=\dimen294
) (C:\Users\Estela\AppData\Local\Programs\MiKTeX\tex/generic/pgf/basiclayer\pgfcoretransformations.code.tex
File: pgfcoretransformations.code.tex 2023-01-15 v3.1.10 (3.1.10)
\pgf@pt@x=\dimen295
\pgf@pt@y=\dimen296
\pgf@pt@temp=\dimen297
) (C:\Users\Estela\AppData\Local\Programs\MiKTeX\tex/generic/pgf/basiclayer\pgfcorequick.code.tex
File: pgfcorequick.code.tex 2023-01-15 v3.1.10 (3.1.10)
) (C:\Users\Estela\AppData\Local\Programs\MiKTeX\tex/generic/pgf/basiclayer\pgfcoreobjects.code.tex
File: pgfcoreobjects.code.tex 2023-01-15 v3.1.10 (3.1.10)
) (C:\Users\Estela\AppData\Local\Programs\MiKTeX\tex/generic/pgf/basiclayer\pgfcorepathprocessing.code.tex
File: pgfcorepathprocessing.code.tex 2023-01-15 v3.1.10 (3.1.10)
) (C:\Users\Estela\AppData\Local\Programs\MiKTeX\tex/generic/pgf/basiclayer\pgfcorearrows.code.tex
File: pgfcorearrows.code.tex 2023-01-15 v3.1.10 (3.1.10)
\pgfarrowsep=\dimen298
) (C:\Users\Estela\AppData\Local\Programs\MiKTeX\tex/generic/pgf/basiclayer\pgfcoreshade.code.tex
File: pgfcoreshade.code.tex 2023-01-15 v3.1.10 (3.1.10)
\pgf@max=\dimen299
\pgf@sys@shading@range@num=\count466
\pgf@shadingcount=\count467
) (C:\Users\Estela\AppData\Local\Programs\MiKTeX\tex/generic/pgf/basiclayer\pgfcoreimage.code.tex
File: pgfcoreimage.code.tex 2023-01-15 v3.1.10 (3.1.10)
) (C:\Users\Estela\AppData\Local\Programs\MiKTeX\tex/generic/pgf/basiclayer\pgfcoreexternal.code.tex
File: pgfcoreexternal.code.tex 2023-01-15 v3.1.10 (3.1.10)
\pgfexternal@startupbox=\box71
) (C:\Users\Estela\AppData\Local\Programs\MiKTeX\tex/generic/pgf/basiclayer\pgfcorelayers.code.tex
File: pgfcorelayers.code.tex 2023-01-15 v3.1.10 (3.1.10)
) (C:\Users\Estela\AppData\Local\Programs\MiKTeX\tex/generic/pgf/basiclayer\pgfcoretransparency.code.tex
File: pgfcoretransparency.code.tex 2023-01-15 v3.1.10 (3.1.10)
) (C:\Users\Estela\AppData\Local\Programs\MiKTeX\tex/generic/pgf/basiclayer\pgfcorepatterns.code.tex
File: pgfcorepatterns.code.tex 2023-01-15 v3.1.10 (3.1.10)
) (C:\Users\Estela\AppData\Local\Programs\MiKTeX\tex/generic/pgf/basiclayer\pgfcorerdf.code.tex
File: pgfcorerdf.code.tex 2023-01-15 v3.1.10 (3.1.10)
))) (C:\Users\Estela\AppData\Local\Programs\MiKTeX\tex/generic/pgf/modules\pgfmoduleshapes.code.tex
File: pgfmoduleshapes.code.tex 2023-01-15 v3.1.10 (3.1.10)
\pgfnodeparttextbox=\box72
) (C:\Users\Estela\AppData\Local\Programs\MiKTeX\tex/generic/pgf/modules\pgfmoduleplot.code.tex
File: pgfmoduleplot.code.tex 2023-01-15 v3.1.10 (3.1.10)
) (C:\Users\Estela\AppData\Local\Programs\MiKTeX\tex/latex/pgf/compatibility\pgfcomp-version-0-65.sty
Package: pgfcomp-version-0-65 2023-01-15 v3.1.10 (3.1.10)
\pgf@nodesepstart=\dimen300
\pgf@nodesepend=\dimen301
) (C:\Users\Estela\AppData\Local\Programs\MiKTeX\tex/latex/pgf/compatibility\pgfcomp-version-1-18.sty
Package: pgfcomp-version-1-18 2023-01-15 v3.1.10 (3.1.10)
)) (C:\Users\Estela\AppData\Local\Programs\MiKTeX\tex/latex/pgf/utilities\pgffor.sty (C:\Users\Estela\AppData\Local\Programs\MiKTeX\tex/latex/pgf/utilities\pgfkeys.sty (C:\Users\Estela\AppData\Local\Programs\MiKTeX\tex/generic/pgf/utilities\pgfkeys.code.tex)) (C:\Users\Estela\AppData\Local\Programs\MiKTeX\tex/latex/pgf/math\pgfmath.sty (C:\Users\Estela\AppData\Local\Programs\MiKTeX\tex/generic/pgf/math\pgfmath.code.tex)) (C:\Users\Estela\AppData\Local\Programs\MiKTeX\tex/generic/pgf/utilities\pgffor.code.tex
Package: pgffor 2023-01-15 v3.1.10 (3.1.10)
\pgffor@iter=\dimen302
\pgffor@skip=\dimen303
\pgffor@stack=\toks45
\pgffor@toks=\toks46
)) (C:\Users\Estela\AppData\Local\Programs\MiKTeX\tex/generic/pgf/frontendlayer/tikz\tikz.code.tex
Package: tikz 2023-01-15 v3.1.10 (3.1.10)
 (C:\Users\Estela\AppData\Local\Programs\MiKTeX\tex/generic/pgf/libraries\pgflibraryplothandlers.code.tex
File: pgflibraryplothandlers.code.tex 2023-01-15 v3.1.10 (3.1.10)
\pgf@plot@mark@count=\count468
\pgfplotmarksize=\dimen304
)
\tikz@lastx=\dimen305
\tikz@lasty=\dimen306
\tikz@lastxsaved=\dimen307
\tikz@lastysaved=\dimen308
\tikz@lastmovetox=\dimen309
\tikz@lastmovetoy=\dimen310
\tikzleveldistance=\dimen311
\tikzsiblingdistance=\dimen312
\tikz@figbox=\box73
\tikz@figbox@bg=\box74
\tikz@tempbox=\box75
\tikz@tempbox@bg=\box76
\tikztreelevel=\count469
\tikznumberofchildren=\count470
\tikznumberofcurrentchild=\count471
\tikz@fig@count=\count472
 (C:\Users\Estela\AppData\Local\Programs\MiKTeX\tex/generic/pgf/modules\pgfmodulematrix.code.tex
File: pgfmodulematrix.code.tex 2023-01-15 v3.1.10 (3.1.10)
\pgfmatrixcurrentrow=\count473
\pgfmatrixcurrentcolumn=\count474
\pgf@matrix@numberofcolumns=\count475
)
\tikz@expandcount=\count476
 (C:\Users\Estela\AppData\Local\Programs\MiKTeX\tex/generic/pgf/frontendlayer/tikz/libraries\tikzlibrarytopaths.code.tex
File: tikzlibrarytopaths.code.tex 2023-01-15 v3.1.10 (3.1.10)
))) (C:\Users\Estela\AppData\Local\Programs\MiKTeX\tex/latex/epigraph\epigraph.sty
Package: epigraph 2020/01/02 v1.5e typesetting epigraphs
 (C:\Users\Estela\AppData\Local\Programs\MiKTeX\tex/latex/nextpage\nextpage.sty
Package: nextpage 2009/09/03 v1.1a additional page commands
)
\beforeepigraphskip=\skip100
\afterepigraphskip=\skip101
\epigraphwidth=\skip102
\epigraphrule=\skip103
) (C:\Users\Estela\AppData\Local\Programs\MiKTeX\tex/latex/todonotes\todonotes.sty
Package: todonotes 2024/01/05 v1.1.7 Todonotes source and documentation.
Package: todonotes 2024/01/05
 (C:\Users\Estela\AppData\Local\Programs\MiKTeX\tex/latex/xkeyval\xkeyval.sty
Package: xkeyval 2022/06/16 v2.9 package option processing (HA)
 (C:\Users\Estela\AppData\Local\Programs\MiKTeX\tex/generic/xkeyval\xkeyval.tex (C:\Users\Estela\AppData\Local\Programs\MiKTeX\tex/generic/xkeyval\xkvutils.tex
\XKV@toks=\toks47
\XKV@tempa@toks=\toks48
)
\XKV@depth=\count477
File: xkeyval.tex 2014/12/03 v2.7a key=value parser (HA)
)) (C:\Users\Estela\AppData\Local\Programs\MiKTeX\tex/generic/pgf/frontendlayer/tikz/libraries\tikzlibrarypositioning.code.tex
File: tikzlibrarypositioning.code.tex 2023-01-15 v3.1.10 (3.1.10)
)
\c@@todonotes@numberoftodonotes=\count478
) (C:\Users\Estela\AppData\Local\Programs\MiKTeX\tex/latex/bosisio\quotes.sty
Package: quotes 1997/12/20 v2.2 Commands to use double quotes (FB)
) (C:\Users\Estela\AppData\Local\Programs\MiKTeX\tex/latex/glossaries/base\glossaries.sty
Package: glossaries 2025/08/11 v4.8 (NLCT)
 (C:\Users\Estela\AppData\Local\Programs\MiKTeX\tex/latex/mfirstuc\mfirstuc.sty
Package: mfirstuc 2025/04/03 v2.09 (NLCT)
\@glsmfirst=\toks49
\@glsmrest=\toks50
) (C:\Users\Estela\AppData\Local\Programs\MiKTeX\tex/latex/xfor\xfor.sty
Package: xfor 2009/02/05 v1.05 (NLCT)
) (C:\Users\Estela\AppData\Local\Programs\MiKTeX\tex/latex/tracklang\tracklang.sty
Package: tracklang 2025/03/11 v1.6.6 (NLCT) Track Languages
 (C:\Users\Estela\AppData\Local\Programs\MiKTeX\tex/generic/tracklang\tracklang.tex)
Package tracklang Info: Tracking dialect `english' (language `english') on input line 264.
Package tracklang Info: Tracking dialect `english' (language `english') on input line 264.
) (C:\Users\Estela\AppData\Local\Programs\MiKTeX\tex/latex/translator\translator.sty
Package: translator 2021-05-31 v1.12d Easy translation of strings in LaTeX
) (C:\Users\Estela\AppData\Local\Programs\MiKTeX\tex/latex/glossaries-english\glossaries-english.ldf
File: glossaries-english.ldf 2014/11/23 v1.0
) (C:\Users\Estela\AppData\Local\Programs\MiKTeX\tex/latex/datatool\datatool-base.sty
Package: datatool-base 2025/04/25 v3.4.1 (NLCT)
 (C:\Users\Estela\AppData\Local\Programs\MiKTeX\tex/latex/datatool\datatool-l3fp.def
File: datatool-l3fp.def 2025/04/25 v3.4.1 (NLCT)
)
\@dtl@toks=\toks51
\@dtl@tmpcount=\count479
\dtl@tmplength=\skip104
\l__datatool_measure_box=\box77
\dtl@sortresult=\count480
 (C:\Users\Estela\AppData\Local\Programs\MiKTeX\tex/latex/datatool\datatool-utf8.ldf
File: datatool-utf8.ldf 2025/04/25 v3.4.1 (NLCT)
)
\@dtl@datatype=\count481
\l__datatool_tmpa_int=\count482
\l__datatool_tmpb_int=\count483
\l__datatool_tmpc_int=\count484
\l__datatool_tmpd_int=\count485
\l__datatool_count_int=\count486
\l__datatool_tmp_datatype_int=\count487
\l__datatool_tmpa_dim=\dimen313
\l__datatool_tmpb_dim=\dimen314
\c_datatool_unknown_int=\count488
\l__datatool_year_int=\count489
\l__datatool_month_int=\count490
\l__datatool_day_int=\count491
\l__datatool_hour_int=\count492
\l__datatool_minute_int=\count493
\l__datatool_second_int=\count494
\l__datatool_tzhour_int=\count495
\l__datatool_tzminute_int=\count496
\l__datatool_julian_int=\count497
\l__datatool_local_julian_int=\count498
\l__datatool_prefix_int=\count499
\l__datatool_suffix_int=\count500
\@dtl@foreach@level=\count501


Package tracklang Warning: No `datatool' support for dialect `english'  on input line 9908.

\dtl@codeA=\count502
\dtl@codeB=\count503
)
\gls@level=\count504
\@gls@tmpb=\toks52
\gls@tmplen=\skip105
\l__glossaries_tmpa_dim=\dimen315
\l__glossaries_tmpb_dim=\dimen316
\glskeylisttok=\toks53
\glslabeltok=\toks54
\glsshorttok=\toks55
\glslongtok=\toks56
 (C:\Users\Estela\AppData\Local\Programs\MiKTeX\tex/latex/glossaries/styles\glossary-hypernav.sty
Package: glossary-hypernav 2025/08/11 v4.8 (NLCT)
) (C:\Users\Estela\AppData\Local\Programs\MiKTeX\tex/latex/glossaries/styles\glossary-list.sty
Package: glossary-list 2025/08/11 v4.8 (NLCT)
\glslistdottedwidth=\skip106
) (C:\Users\Estela\AppData\Local\Programs\MiKTeX\tex/latex/glossaries/styles\glossary-long.sty
Package: glossary-long 2025/08/11 v4.8 (NLCT)
\glsdescwidth=\skip107
\glspagelistwidth=\skip108
) (C:\Users\Estela\AppData\Local\Programs\MiKTeX\tex/latex/glossaries/styles\glossary-super.sty
Package: glossary-super 2025/08/11 v4.8 (NLCT)
 (C:\Users\Estela\AppData\Local\Programs\MiKTeX\tex/latex/supertabular\supertabular.sty
Package: supertabular 2024/07/20 v4.2c the supertabular environment
\c@tracingst=\count505
\ST@wd=\dimen317
\ST@rightskip=\skip109
\ST@leftskip=\skip110
\ST@parfillskip=\skip111
\ST@pageleft=\dimen318
\ST@headht=\dimen319
\ST@tailht=\dimen320
\ST@pagesofar=\dimen321
\ST@pboxht=\dimen322
\ST@rowht=\dimen323
\ST@prevht=\dimen324
\ST@toadd=\dimen325
\ST@dimen=\dimen326
\ST@pbox=\box78
)) (C:\Users\Estela\AppData\Local\Programs\MiKTeX\tex/latex/glossaries/styles\glossary-tree.sty
Package: glossary-tree 2025/08/11 v4.8 (NLCT)
\l__glossaries_tree_max_known_level_int=\count506
\l__glossaries_tree_offset_dim=\dimen327
\l__glossaries_tree_namewidth_dim=\dimen328
\l__glossaries_tree_symbolwidth_dim=\dimen329
\l__glossaries_tree_prenamesym_width_dim=\dimen330
\l__glossaries_tree_presubnamesym_width_dim=\dimen331
\l__glossaries_tree_namewidth_padding_dim=\dimen332
\l__glossaries_tree_symbolwidth_padding_dim=\dimen333
\l__glossaries_tree_namesymbolwidth_dim=\dimen334
\l__glossaries_tree_namesymbolwidth_padding_dim=\dimen335
\l__glossaries_tree_level_int=\count507
\glstreeindent=\skip112
)) (C:\Users\Estela\AppData\Local\Programs\MiKTeX\tex/latex/makecell\makecell.sty
Package: makecell 2009/08/03 V0.1e Managing of Tab Column Heads and Cells
 (C:\Users\Estela\AppData\Local\Programs\MiKTeX\tex/latex/tools\array.sty
Package: array 2023/10/16 v2.5g Tabular extension package (FMi)
\col@sep=\dimen336
\ar@mcellbox=\box79
\extrarowheight=\dimen337
\NC@list=\toks57
\extratabsurround=\skip113
\backup@length=\skip114
\ar@cellbox=\box80
)
\rotheadsize=\dimen338
\c@nlinenum=\count508
\TeXr@lab=\toks58
) (C:\Users\Estela\AppData\Local\Programs\MiKTeX\tex/latex/listings\lstlang1.sty
File: lstlang1.sty 2023/02/27 1.9 listings language file
) (C:\Users\Estela\AppData\Local\Programs\MiKTeX\tex/latex/listings\lstmisc.sty
File: lstmisc.sty 2023/02/27 1.9 (Carsten Heinz)
) (acronyms.tex))
Package csquotes Info: Checking for multilingual support...
Package csquotes Info: ... found 'babel' package.
Package csquotes Info: Adjusting default style.
Package csquotes Info: Redefining alias 'default' -> 'english'.
 (c:\Users\Estela\Embedded_IoT\report\out\main.aux (c:\Users\Estela\Embedded_IoT\report\out\cover.aux)
\g__glossaries_gls_ref_acronym_int=\count509
 (c:\Users\Estela\Embedded_IoT\report\out\files/Glossary.aux) (c:\Users\Estela\Embedded_IoT\report\out\files/1-Introduction.aux) (c:\Users\Estela\Embedded_IoT\report\out\files/2-Specifications.aux) (c:\Users\Estela\Embedded_IoT\report\out\files/3-Hardware.aux) (c:\Users\Estela\Embedded_IoT\report\out\files/4-Software.aux) (c:\Users\Estela\Embedded_IoT\report\out\files/5-Results.aux) (c:\Users\Estela\Embedded_IoT\report\out\files/6-Advanced.aux) (c:\Users\Estela\Embedded_IoT\report\out\files/7-Conclusions.aux) (c:\Users\Estela\Embedded_IoT\report\out\files/A-GitHub.aux))
\openout1 = `main.aux'.

LaTeX Font Info:    Checking defaults for OML/cmm/m/it on input line 9.
LaTeX Font Info:    ... okay on input line 9.
LaTeX Font Info:    Checking defaults for OMS/cmsy/m/n on input line 9.
LaTeX Font Info:    ... okay on input line 9.
LaTeX Font Info:    Checking defaults for OT1/cmr/m/n on input line 9.
LaTeX Font Info:    ... okay on input line 9.
LaTeX Font Info:    Checking defaults for T1/cmr/m/n on input line 9.
LaTeX Font Info:    ... okay on input line 9.
LaTeX Font Info:    Checking defaults for TS1/cmr/m/n on input line 9.
LaTeX Font Info:    ... okay on input line 9.
LaTeX Font Info:    Checking defaults for OMX/cmex/m/n on input line 9.
LaTeX Font Info:    ... okay on input line 9.
LaTeX Font Info:    Checking defaults for U/cmr/m/n on input line 9.
LaTeX Font Info:    ... okay on input line 9.
LaTeX Font Info:    Checking defaults for PD1/pdf/m/n on input line 9.
LaTeX Font Info:    ... okay on input line 9.
LaTeX Font Info:    Checking defaults for PU/pdf/m/n on input line 9.
LaTeX Font Info:    ... okay on input line 9.
 (C:\Users\Estela\AppData\Local\Programs\MiKTeX\tex/context/base/mkii\supp-pdf.mkii
[Loading MPS to PDF converter (version 2006.09.02).]
\scratchcounter=\count510
\scratchdimen=\dimen339
\scratchbox=\box81
\nofMPsegments=\count511
\nofMParguments=\count512
\everyMPshowfont=\toks59
\MPscratchCnt=\count513
\MPscratchDim=\dimen340
\MPnumerator=\count514
\makeMPintoPDFobject=\count515
\everyMPtoPDFconversion=\toks60
) (C:\Users\Estela\AppData\Local\Programs\MiKTeX\tex/latex/epstopdf-pkg\epstopdf-base.sty
Package: epstopdf-base 2020-01-24 v2.11 Base part for package epstopdf
Package epstopdf-base Info: Redefining graphics rule for `.eps' on input line 485.
 (C:\Users\Estela\AppData\Local\Programs\MiKTeX\tex/latex/00miktex\epstopdf-sys.cfg
File: epstopdf-sys.cfg 2021/03/18 v2.0 Configuration of epstopdf for MiKTeX
))
*geometry* driver: auto-detecting
*geometry* detected driver: pdftex
*geometry* verbose mode - [ preamble ] result:
* driver: pdftex
* paper: a4paper
* layout: <same size as paper>
* layoutoffset:(h,v)=(0.0pt,0.0pt)
* modes: 
* h-part:(L,W,R)=(72.26999pt, 452.9679pt, 72.26999pt)
* v-part:(T,H,B)=(72.26999pt, 700.50687pt, 72.26999pt)
* \paperwidth=597.50787pt
* \paperheight=845.04684pt
* \textwidth=452.9679pt
* \textheight=700.50687pt
* \oddsidemargin=0.0pt
* \evensidemargin=0.0pt
* \topmargin=-37.0pt
* \headheight=12.0pt
* \headsep=25.0pt
* \topskip=10.0pt
* \footskip=30.0pt
* \marginparwidth=57.0pt
* \marginparsep=11.0pt
* \columnsep=10.0pt
* \skip\footins=9.0pt plus 4.0pt minus 2.0pt
* \hoffset=0.0pt
* \voffset=0.0pt
* \mag=1000
* \@twocolumnfalse
* \@twosidefalse
* \@mparswitchfalse
* \@reversemarginfalse
* (1in=72.27pt=25.4mm, 1cm=28.453pt)

Package hyperref Info: Link coloring OFF on input line 9.
(c:\Users\Estela\Embedded_IoT\report\out\main.out) (c:\Users\Estela\Embedded_IoT\report\out\main.out)
\@outlinefile=\write5
\openout5 = `main.out'.

 (C:\Users\Estela\AppData\Local\Programs\MiKTeX\tex/latex/pdflscape\pdflscape.sty
Package: pdflscape 2022-10-27 v0.13 Display of landscape pages in PDF
 (C:\Users\Estela\AppData\Local\Programs\MiKTeX\tex/latex/pdflscape\pdflscape-nometadata.sty
Package: pdflscape-nometadata 2022-10-28 v0.13 Display of landscape pages in PDF (HO)
 (C:\Users\Estela\AppData\Local\Programs\MiKTeX\tex/latex/graphics\lscape.sty
Package: lscape 2020/05/28 v3.02 Landscape Pages (DPC)
)
Package pdflscape Info: Auto-detected driver: pdftex on input line 81.
))
Package biblatex Info: Trying to load language 'english'...
Package biblatex Info: ... file 'english.lbx' found.
 (C:\Users\Estela\AppData\Local\Programs\MiKTeX\tex/latex/biblatex/lbx\english.lbx
File: english.lbx 2023/03/05 v3.19 biblatex localization (PK/MW)
)
Package biblatex Info: Input encoding 'utf8' detected.
Package biblatex Info: Automatic encoding selection.
(biblatex)             Assuming data encoding 'utf8'.
\openout3 = `main.bcf'.

Package biblatex Info: Trying to load bibliographic data...
Package biblatex Info: ... file 'main.bbl' found.
 (c:\Users\Estela\Embedded_IoT\report\out\main.bbl)
Package biblatex Info: Reference section=0 on input line 9.
Package biblatex Info: Reference segment=0 on input line 9.
\c@lstlisting=\count516
Package caption Info: Begin \AtBeginDocument code.
Package caption Info: supertabular package is loaded.
Package caption Info: End \AtBeginDocument code.
\openout2 = `cover.aux'.

 (cover.tex
Underfull \hbox (badness 10000) in paragraph at lines 16--16

 []

[1



{C:/Users/Estela/AppData/Local/MiKTeX/fonts/map/pdftex/pdftex.map}]) (c:\Users\Estela\Embedded_IoT\report\out\main.toc
pdfTeX warning (ext4): destination with the same identifier (name{page.i}) has been already used, duplicate ignored
<to be read again> 
                   \relax 
l.53 ...}i2c.c and i2c.h}{23}{subsubsection.4.2.3}
                                                  % [1


] [2])
\tf@toc=\write6
\openout6 = `main.toc'.

 [3] (c:\Users\Estela\Embedded_IoT\report\out\main.lof)
\tf@lof=\write7
\openout7 = `main.lof'.

 (c:\Users\Estela\Embedded_IoT\report\out\main.lot)
\tf@lot=\write8
\openout8 = `main.lot'.

 (c:\Users\Estela\Embedded_IoT\report\out\main.lol [4

])
\tf@lol=\write9
\openout9 = `main.lol'.

 [5]
\openout2 = `files/Glossary.aux'.

 (files/Glossary.tex

Package glossaries Info: Preparing to sort glossary `acronym' (total number of
(glossaries)             referenced entries: 43)

[6

]) [7] (c:\Users\Estela\Embedded_IoT\report\out\main.tdo)
\tf@tdo=\write10
\openout10 = `main.tdo'.

 [8


]
\openout2 = `files/1-Introduction.aux'.

 (files/1-Introduction.tex
Overfull \hbox (6.00511pt too wide) in paragraph at lines 27--28
\OT1/cmr/m/n/10 The hard-ware de-vel-op-ment stage con-sisted of iden-ti-fy-ing, wiring, and val-i-dat-ing all sen-sor in-ter-faces: 
 []

[1


]) [2]
\openout2 = `files/2-Specifications.aux'.

 (files/2-Specifications.tex
Package hyperref Info: bookmark level for unknown todo defaults to 0 on input line 53.
 [3



]
Underfull \hbox (badness 10000) in paragraph at lines 125--125
[]|\OT1/cmr/bx/n/10 Sensor re-con-
 []


Underfull \hbox (badness 10000) in paragraph at lines 126--126
[]|\OT1/cmr/bx/n/10 Alarm se-
 []


Underfull \hbox (badness 10000) in paragraph at lines 127--127
[]|\OT1/cmr/bx/n/10 Advanced
 []


Underfull \hbox (badness 10000) in paragraph at lines 127--127
\OT1/cmr/bx/n/10 Mode be-
 []


Underfull \hbox (badness 10000) in paragraph at lines 128--128
[]|\OT1/cmr/bx/n/10 Stack us-age
 []


Underfull \hbox (badness 10000) in paragraph at lines 129--129
[]|\OT1/cmr/bx/n/10 Verification
 []


Overfull \hbox (22.4115pt too wide) in paragraph at lines 119--133
 [][] 
 []

) [4]
\openout2 = `files/3-Hardware.aux'.

 (files/3-Hardware.tex
<images/block_diagram.png, id=995, 3038.35126pt x 1885.0425pt>
File: images/block_diagram.png Graphic file (type png)
<use images/block_diagram.png>
Package pdftex.def Info: images/block_diagram.png  used on input line 11.
(pdftex.def)             Requested size: 448.4407pt x 278.19955pt.

Underfull \hbox (badness 10000) in paragraph at lines 115--115
[]|\OT1/cmr/bx/n/8 Sensor
 []


Overfull \hbox (1.297pt too wide) in paragraph at lines 115--115
[]|\OT1/cmr/bx/n/8 STM32WL55JC
 []


Overfull \hbox (1.297pt too wide) in paragraph at lines 115--115
[]|\OT1/cmr/bx/n/8 STM32WL55JC
 []


Overfull \hbox (1.297pt too wide) in paragraph at lines 115--115
[]|\OT1/cmr/bx/n/8 STM32WL55JC
 []


Overfull \hbox (2.28416pt too wide) in paragraph at lines 115--115
[]|[]| 
 []


Underfull \hbox (badness 10000) in paragraph at lines 115--115
[]|[][]\OT1/cmr/m/n/8 Ground
 []


Underfull \hbox (badness 1584) in paragraph at lines 115--115
[]|[][]\OT1/cmr/m/n/8 I2C[] [][]Se-rial Clock Line
 []


Underfull \hbox (badness 10000) in paragraph at lines 115--115
[]|\OT1/cmr/m/n/8 Inertial In-ter-rupt 1,
 []


Underfull \hbox (badness 10000) in paragraph at lines 115--115
[]|\OT1/cmr/m/n/8 Inertial In-ter-rupt 2,
 []


Underfull \hbox (badness 10000) in paragraph at lines 115--115
[]|\OT1/cmr/m/n/8 Serial [][]Trans-mis-sion
 []


Overfull \hbox (0.73245pt too wide) in paragraph at lines 115--115
[]|[][]\OT1/cmr/m/n/8 UART[]1[][][]Reception
 []


Overfull \hbox (34.79776pt too wide) in paragraph at lines 33--116
 [][] 
 []

[5



 <./images/block_diagram.png>] [6]

Package hyperref Warning: Token not allowed in a PDF string (Unicode):
(hyperref)                removing `\acrshort' on input line 124.


Package hyperref Warning: Token not allowed in a PDF string (Unicode):
(hyperref)                removing `\acrshort' on input line 136.


Package hyperref Warning: Token not allowed in a PDF string (Unicode):
(hyperref)                removing `\acrshort' on input line 155.


Package hyperref Warning: Token not allowed in a PDF string (Unicode):
(hyperref)                removing `\acrshort' on input line 167.

[7

]
<images/rgb_circuit.png, id=1159, 496.85625pt x 620.3175pt>
File: images/rgb_circuit.png Graphic file (type png)
<use images/rgb_circuit.png>
Package pdftex.def Info: images/rgb_circuit.png  used on input line 209.
(pdftex.def)             Requested size: 135.89174pt x 169.6555pt.
 [8 <./images/rgb_circuit.png>]
<images/photo_circuit.png, id=1173, 322.20375pt x 238.64156pt>
File: images/photo_circuit.png Graphic file (type png)
<use images/photo_circuit.png>
Package pdftex.def Info: images/photo_circuit.png  used on input line 222.
(pdftex.def)             Requested size: 181.18439pt x 134.19911pt.
<images/soil_circuit.png, id=1178, 152.82094pt x 131.74219pt>
File: images/soil_circuit.png Graphic file (type png)
<use images/soil_circuit.png>
Package pdftex.def Info: images/soil_circuit.png  used on input line 252.
(pdftex.def)             Requested size: 181.18439pt x 156.20021pt.
 [9 <./images/photo_circuit.png>] [10 <./images/soil_circuit.png>] [11]) [12]
\openout2 = `files/4-Software.aux'.

 (files/4-Software.tex (files/global.tex
<images/state_machine.png, id=1245, 602.25pt x 347.79938pt>
File: images/state_machine.png Graphic file (type png)
<use images/state_machine.png>
Package pdftex.def Info: images/state_machine.png  used on input line 13.
(pdftex.def)             Requested size: 448.4407pt x 258.98613pt.
<images/test_mode.png, id=1251, 549.55313pt x 720.44156pt>
File: images/test_mode.png Graphic file (type png)
<use images/test_mode.png>
Package pdftex.def Info: images/test_mode.png  used on input line 39.
(pdftex.def)             Requested size: 362.37569pt x 475.07515pt.
 [13



 <./images/state_machine.png>] [14 <./images/test_mode.png>]
<images/normal_mode.png, id=1283, 720.44156pt x 737.00343pt>
File: images/normal_mode.png Graphic file (type png)
<use images/normal_mode.png>
Package pdftex.def Info: images/normal_mode.png  used on input line 66.
(pdftex.def)             Requested size: 448.4407pt x 458.74797pt.
 [15 <./images/normal_mode.png>]
<images/advanced_mode.png, id=1299, 542.77782pt x 691.08188pt>
File: images/advanced_mode.png Graphic file (type png)
<use images/advanced_mode.png>
Package pdftex.def Info: images/advanced_mode.png  used on input line 87.
(pdftex.def)             Requested size: 362.37569pt x 461.40906pt.
 [16 <./images/advanced_mode.png>]
LaTeX Font Info:    Font shape `OT1/cmtt/bx/n' in size <10> not available
(Font)              Font shape `OT1/cmtt/m/n' tried instead on input line 115.
Package hyperref Info: bookmark level for unknown lstlisting defaults to 0 on input line 155.
 [17] [18]
<images/no_init.png, id=1383, 310.91156pt x 170.13562pt>
File: images/no_init.png Graphic file (type png)
<use images/no_init.png>
Package pdftex.def Info: images/no_init.png  used on input line 266.
(pdftex.def)             Requested size: 317.07614pt x 173.51006pt.
<images/no_measurements.png, id=1384, 526.257pt x 281.415pt>
File: images/no_measurements.png Graphic file (type png)
<use images/no_measurements.png>
Package pdftex.def Info: images/no_measurements.png  used on input line 283.
(pdftex.def)             Requested size: 407.66833pt x 217.99988pt.
) [19 <./images/no_init.png>] [20 <./images/no_measurements.png>] (files/modules.tex
<images/modules.png, id=1422, 277.911pt x 263.457pt>
File: images/modules.png Graphic file (type png)
<use images/modules.png>
Package pdftex.def Info: images/modules.png  used on input line 7.
(pdftex.def)             Requested size: 249.13371pt x 236.17647pt.
LaTeX Font Info:    Trying to load font information for TS1+cmtt on input line 19.
 (C:\Users\Estela\AppData\Local\Programs\MiKTeX\tex/latex/base\ts1cmtt.fd
File: ts1cmtt.fd 2023/04/13 v2.5m Standard LaTeX font definitions
) [21

 <./images/modules.png>] [22] [23] [24]
Overfull \hbox (5.97122pt too wide) in paragraph at lines 195--196
[]\OT1/cmr/bx/n/10 Bus-Based [][]GPIO[] Ini-tial-iza-tion\OT1/cmr/m/n/10 : \OT1/cmtt/m/n/10 rgb[]led[]init() \OT1/cmr/m/n/10 it-er-ates over all pins de-fined in the \OT1/cmtt/m/n/10 bus[]rgb[]led
 []


Overfull \hbox (33.1371pt too wide) in paragraph at lines 199--200
[]\OT1/cmr/bx/n/10 Convenience Color Func-tions\OT1/cmr/m/n/10 : Func-tions such as \OT1/cmtt/m/n/10 rgb[]red()\OT1/cmr/m/n/10 , \OT1/cmtt/m/n/10 rgb[]green()\OT1/cmr/m/n/10 , \OT1/cmtt/m/n/10 rgb[]blue()\OT1/cmr/m/n/10 , \OT1/cmtt/m/n/10 rgb[]yellow()\OT1/cmr/m/n/10 ,
 []

[25]
Overfull \hbox (5.08247pt too wide) in paragraph at lines 219--220
[]\OT1/cmr/bx/n/10 Convenience Func-tions for Col-ors\OT1/cmr/m/n/10 : The mod-ule pro-vides higher-level func-tions (\OT1/cmtt/m/n/10 red()\OT1/cmr/m/n/10 , \OT1/cmtt/m/n/10 green()\OT1/cmr/m/n/10 ,
 []

[26]) [27] (files/threads.tex
Overfull \hbox (39.39731pt too wide) in paragraph at lines 41--42
[][][]\OT1/cmr/m/n/10 ADC[]-based sen-sors (bright-ness and soil mois-ture) are pro-cessed us-ing the util-ity func-tion \OT1/cmtt/m/n/10 read[]adc[]percentage()\OT1/cmr/m/n/10 ,
 []

[28

] [29]

Package hyperref Warning: Token not allowed in a PDF string (Unicode):
(hyperref)                removing `\acrshort' on input line 168.

[30] [31]
Overfull \hbox (9.70232pt too wide) in paragraph at lines 255--256
\OT1/cmr/m/n/10 fies the ini-tial-iza-tion func-tion and doc-u-ments the de-pen-dency on \OT1/cmtt/m/n/10 system[]context \OT1/cmr/m/n/10 and \OT1/cmtt/m/n/10 system[]measurement
 []

) [32] (files/main.tex [33

] [34] [35] [36] [37] [38] [39] [40] [41] [42] [43] [44]

Package hyperref Warning: Token not allowed in a PDF string (Unicode):
(hyperref)                removing `\acrshort' on input line 706.

[45] [46]) [47]

Package hyperref Warning: Token not allowed in a PDF string (Unicode):
(hyperref)                removing `\acrshort' on input line 12.

[48

]

Package hyperref Warning: Token not allowed in a PDF string (Unicode):
(hyperref)                removing `\acrshort' on input line 92.

<images/stack.png, id=2700, 402.00188pt x 210.7875pt>
File: images/stack.png Graphic file (type png)
<use images/stack.png>
Package pdftex.def Info: images/stack.png  used on input line 98.
(pdftex.def)             Requested size: 362.37569pt x 190.00934pt.
[49 <./images/stack.png>]
<images/build.png, id=2745, 300.3722pt x 67.0003pt>
File: images/build.png Graphic file (type png)
<use images/build.png>
Package pdftex.def Info: images/build.png  used on input line 176.
(pdftex.def)             Requested size: 362.37569pt x 80.8375pt.
 [50]
Overfull \hbox (10.8657pt too wide) in paragraph at lines 193--194
[]\OT1/cmr/m/n/10 After load-ing the gen-er-ated \OT1/cmtt/m/n/10 zephyr.hex \OT1/cmr/m/n/10 file (57.64KB), the pro-gram-mer per-forms the fol-low-ing steps: 
 []

<images/flash.png, id=2758, 432.86719pt x 536.75531pt>
File: images/flash.png Graphic file (type png)
<use images/flash.png>
Package pdftex.def Info: images/flash.png  used on input line 207.
(pdftex.def)             Requested size: 362.37569pt x 449.36438pt.
[51 <./images/build.png>]) [52 <./images/flash.png>]
\openout2 = `files/5-Results.aux'.

 (files/5-Results.tex
<images/soil.png, id=2780, 110.66344pt x 130.98938pt>
File: images/soil.png Graphic file (type png)
<use images/soil.png>
Package pdftex.def Info: images/soil.png  used on input line 15.
(pdftex.def)             Requested size: 90.5922pt x 107.23808pt.
<images/light.png, id=2783, 79.04532pt x 118.19156pt>
File: images/light.png Graphic file (type png)
<use images/light.png>
Package pdftex.def Info: images/light.png  used on input line 26.
(pdftex.def)             Requested size: 67.94241pt x 101.59767pt.


Package hyperref Warning: Token not allowed in a PDF string (Unicode):
(hyperref)                removing `\acrshort' on input line 31.

<images/gps.png, id=2786, 493.845pt x 169.38281pt>
File: images/gps.png Graphic file (type png)
<use images/gps.png>
Package pdftex.def Info: images/gps.png  used on input line 37.
(pdftex.def)             Requested size: 448.4407pt x 153.80775pt.
[53



 <./images/soil.png> <./images/light.png>]
<images/accel.png, id=2796, 383.93437pt x 169.38281pt>
File: images/accel.png Graphic file (type png)
<use images/accel.png>
Package pdftex.def Info: images/accel.png  used on input line 48.
(pdftex.def)             Requested size: 385.02547pt x 169.87604pt.


Package hyperref Warning: Token not allowed in a PDF string (Unicode):
(hyperref)                removing `\acrshort' on input line 53.

<images/colores.png, id=2801, 766.5pt x 254.259pt>
File: images/colores.png Graphic file (type png)
<use images/colores.png>
Package pdftex.def Info: images/colores.png  used on input line 59.
(pdftex.def)             Requested size: 362.37569pt x 120.20784pt.
<images/color.png, id=2802, 444.15938pt x 118.19156pt>
File: images/color.png Graphic file (type png)
<use images/color.png>
Package pdftex.def Info: images/color.png  used on input line 66.
(pdftex.def)             Requested size: 407.66833pt x 108.48146pt.
[54 <./images/gps.png> <./images/accel.png> <./images/colores.png>]
<images/th.png, id=2812, 292.09125pt x 68.50594pt>
File: images/th.png Graphic file (type png)
<use images/th.png>
Package pdftex.def Info: images/th.png  used on input line 77.
(pdftex.def)             Requested size: 271.7835pt x 63.74854pt.


Package hyperref Warning: Token not allowed in a PDF string (Unicode):
(hyperref)                removing `\acrshort' on input line 82.


Package hyperref Warning: Token not allowed in a PDF string (Unicode):
(hyperref)                removing `\acrshort' on input line 82.

<images/rgb_led.png, id=2820, 166.659pt x 120.45pt>
File: images/rgb_led.png Graphic file (type png)
<use images/rgb_led.png>
Package pdftex.def Info: images/rgb_led.png  used on input line 88.
(pdftex.def)             Requested size: 135.89174pt x 98.21457pt.

Package hyperref Warning: Token not allowed in a PDF string (Unicode):
(hyperref)                removing `\acrshort' on input line 93.

<images/board_led.png, id=2829, 195.129pt x 55.407pt>
File: images/board_led.png Graphic file (type png)
<use images/board_led.png>
Package pdftex.def Info: images/board_led.png  used on input line 99.
(pdftex.def)             Requested size: 181.18439pt x 51.44763pt.
[55 <./images/color.png> <./images/th.png> <./images/rgb_led.png> <./images/board_led.png>]
<images/button.png, id=2842, 79.04532pt x 115.93312pt>
File: images/button.png Graphic file (type png)
<use images/button.png>
Package pdftex.def Info: images/button.png  used on input line 111.
(pdftex.def)             Requested size: 67.94241pt x 99.65631pt.
<images/init.png, id=2844, 481.8pt x 464.4853pt>
File: images/init.png Graphic file (type png)
<use images/init.png>
Package pdftex.def Info: images/init.png  used on input line 127.
(pdftex.def)             Requested size: 339.72592pt x 327.52597pt.
 [56 <./images/button.png> <./images/init.png>]
<images/measurements.png, id=2853, 497.60907pt x 169.38281pt>
File: images/measurements.png Graphic file (type png)
<use images/measurements.png>
Package pdftex.def Info: images/measurements.png  used on input line 138.
(pdftex.def)             Requested size: 339.72592pt x 115.64142pt.
<images/modes.png, id=2855, 482.55281pt x 561.59813pt>
File: images/modes.png Graphic file (type png)
<use images/modes.png>
Package pdftex.def Info: images/modes.png  used on input line 150.
(pdftex.def)             Requested size: 317.07614pt x 369.02774pt.


Package hyperref Warning: Token not allowed in a PDF string (Unicode):
(hyperref)                removing `\acrshort' on input line 156.

[57 <./images/measurements.png> <./images/modes.png>]
<images/dom_color.png, id=2867, 475.449pt x 207.612pt>
File: images/dom_color.png Graphic file (type png)
<use images/dom_color.png>
Package pdftex.def Info: images/dom_color.png  used on input line 162.
(pdftex.def)             Requested size: 448.4407pt x 195.82056pt.


Package hyperref Warning: Token not allowed in a PDF string (Unicode):
(hyperref)                removing `\acrshort' on input line 168.

<images/stats.png, id=2874, 295.1025pt x 131.74219pt>
File: images/stats.png Graphic file (type png)
<use images/stats.png>
Package pdftex.def Info: images/stats.png  used on input line 180.
(pdftex.def)             Requested size: 271.7835pt x 121.33493pt.
[58 <./images/dom_color.png> <./images/stats.png>]
<images/cppcheck.png, id=2886, 570.63188pt x 397.485pt>
File: images/cppcheck.png Graphic file (type png)
<use images/cppcheck.png>
Package pdftex.def Info: images/cppcheck.png  used on input line 209.
(pdftex.def)             Requested size: 448.4407pt x 312.37212pt.
 [59 <./images/cppcheck.png>]
<images/valgrind.png, id=2897, 1045.65656pt x 64.74188pt>
File: images/valgrind.png Graphic file (type png)
<use images/valgrind.png>
Package pdftex.def Info: images/valgrind.png  used on input line 227.
(pdftex.def)             Requested size: 448.4407pt x 27.76535pt.
) [60 <./images/valgrind.png>]
\openout2 = `files/6-Advanced.aux'.

 (files/6-Advanced.tex [61



] [62] [63]
Overfull \hbox (13.73553pt too wide) in paragraph at lines 174--175
[]\OT1/cmr/m/n/10 After sleep-ing, the loop checks \OT1/cmtt/m/n/10 k[]sem[]take(&main[]sem, K[]NO[]WAIT) \OT1/cmr/m/n/10 to de-ter-mine whether a semaphore
 []

<images/pwm_res.png, id=3021, 641.451pt x 221.19pt>
File: images/pwm_res.png Graphic file (type png)
<use images/pwm_res.png>
Package pdftex.def Info: images/pwm_res.png  used on input line 183.
(pdftex.def)             Requested size: 448.4407pt x 154.63618pt.
) [64 <./images/pwm_res.png>]
\openout2 = `files/7-Conclusions.aux'.

 (files/7-Conclusions.tex) [65



]
Overfull \hbox (3.62962pt too wide) in paragraph at lines 45--45
[]\OT1/cmr/m/n/10 A. In-dus-tries. \  Adafruit Si7021 Tem-per-a-ture & Hu-mid-ity Sen-sor Break-out Board," Ac-cessed: Nov. 24,
 []

[66


]
\openout2 = `files/A-GitHub.aux'.

 (files/A-GitHub.tex [67

]
Overfull \hbox (30.07632pt too wide) in paragraph at lines 65--67
[][][][][][][][][][][][][][][][][][][][][][][]  
 []

[68]) [69] (c:\Users\Estela\Embedded_IoT\report\out\main.aux (c:\Users\Estela\Embedded_IoT\report\out\cover.aux) (c:\Users\Estela\Embedded_IoT\report\out\files/Glossary.aux) (c:\Users\Estela\Embedded_IoT\report\out\files/1-Introduction.aux) (c:\Users\Estela\Embedded_IoT\report\out\files/2-Specifications.aux) (c:\Users\Estela\Embedded_IoT\report\out\files/3-Hardware.aux) (c:\Users\Estela\Embedded_IoT\report\out\files/4-Software.aux) (c:\Users\Estela\Embedded_IoT\report\out\files/5-Results.aux) (c:\Users\Estela\Embedded_IoT\report\out\files/6-Advanced.aux) (c:\Users\Estela\Embedded_IoT\report\out\files/7-Conclusions.aux) (c:\Users\Estela\Embedded_IoT\report\out\files/A-GitHub.aux))
 ***********
LaTeX2e <2023-11-01> patch level 1
L3 programming layer <2024-01-04>
 ***********
Package rerunfilecheck Info: File `main.out' has not changed.
(rerunfilecheck)             Checksum: 3C538A646951F1C5CE07C0CF3B3C5D02;20369.
Package logreq Info: Writing requests to 'main.run.xml'.
\openout1 = `main.run.xml'.

 ) 
Here is how much of TeX's memory you used:
 46907 strings out of 474486
 911283 string characters out of 5743283
 2056542 words of memory out of 5000000
 66872 multiletter control sequences out of 15000+600000
 565864 words of font info for 64 fonts, out of 8000000 for 9000
 1141 hyphenation exceptions out of 8191
 89i,19n,90p,2548b,2307s stack positions out of 10000i,1000n,20000p,200000b,200000s
 <C:\Users\Estela\AppData\Local\MiKTeX\fonts/pk/ljfour/jknappen/ec/dpi600\tcbx1000.pk> <C:\Users\Estela\AppData\Local\MiKTeX\fonts/pk/ljfour/jknappen/ec/dpi600\tctt0900.pk> <C:\Users\Estela\AppData\Local\MiKTeX\fonts/pk/ljfour/jknappen/ec/dpi600\tcrm1000.pk><C:/Users/Estela/AppData/Local/Programs/MiKTeX/fonts/type1/public/amsfonts/cm/cmbx10.pfb><C:/Users/Estela/AppData/Local/Programs/MiKTeX/fonts/type1/public/amsfonts/cm/cmbx12.pfb><C:/Users/Estela/AppData/Local/Programs/MiKTeX/fonts/type1/public/amsfonts/cm/cmbx8.pfb><C:/Users/Estela/AppData/Local/Programs/MiKTeX/fonts/type1/public/amsfonts/cm/cmmi10.pfb><C:/Users/Estela/AppData/Local/Programs/MiKTeX/fonts/type1/public/amsfonts/cm/cmr10.pfb><C:/Users/Estela/AppData/Local/Programs/MiKTeX/fonts/type1/public/amsfonts/cm/cmr12.pfb><C:/Users/Estela/AppData/Local/Programs/MiKTeX/fonts/type1/public/amsfonts/cm/cmr7.pfb><C:/Users/Estela/AppData/Local/Programs/MiKTeX/fonts/type1/public/amsfonts/cm/cmr8.pfb><C:/Users/Estela/AppData/Local/Programs/MiKTeX/fonts/type1/public/amsfonts/cm/cmsy10.pfb><C:/Users/Estela/AppData/Local/Programs/MiKTeX/fonts/type1/public/amsfonts/cm/cmsy7.pfb><C:/Users/Estela/AppData/Local/Programs/MiKTeX/fonts/type1/public/amsfonts/cm/cmti10.pfb><C:/Users/Estela/AppData/Local/Programs/MiKTeX/fonts/type1/public/amsfonts/cm/cmti12.pfb><C:/Users/Estela/AppData/Local/Programs/MiKTeX/fonts/type1/public/amsfonts/cm/cmtt10.pfb><C:/Users/Estela/AppData/Local/Programs/MiKTeX/fonts/type1/public/amsfonts/cm/cmtt9.pfb>
Output written on c:\Users\Estela\Embedded_IoT\report\out\main.pdf (78 pages, 21197159 bytes).
PDF statistics:
 3633 PDF objects out of 4296 (max. 8388607)
 1625 named destinations out of 1728 (max. 500000)
 1133 words of extra memory for PDF output out of 10000 (max. 10000000)

